[0703/172942.745:ERROR:process_memory_win.cc(73)] ReadMemory at 0x7fef94b0000 of 64 bytes failed: Only part of a ReadProcessMemory or WriteProcessMemory request was completed. (0x12B)
[0703/172942.782:WARNING:pe_image_reader.cc(340)] could not read dos header from C:\Windows\system32\dxgi.dll
[0703/172942.782:ERROR:process_memory_win.cc(73)] ReadMemory at 0x7fef94b0000 of 64 bytes failed: Only part of a ReadProcessMemory or WriteProcessMemory request was completed. (0x12B)
[0703/172942.783:WARNING:pe_image_reader.cc(340)] could not read dos header from C:\Windows\system32\dxgi.dll
[0703/172942.783:ERROR:process_memory_win.cc(73)] ReadMemory at 0x7fefaca0000 of 64 bytes failed: Only part of a ReadProcessMemory or WriteProcessMemory request was completed. (0x12B)
[0703/172942.783:WARNING:pe_image_reader.cc(340)] could not read dos header from C:\Windows\system32\dwmapi.dll
[0703/172942.783:ERROR:process_memory_win.cc(73)] ReadMemory at 0x7fefaca0000 of 64 bytes failed: Only part of a ReadProcessMemory or WriteProcessMemory request was completed. (0x12B)
[0703/172942.783:WARNING:pe_image_reader.cc(340)] could not read dos header from C:\Windows\system32\dwmapi.dll
[0703/172942.783:ERROR:process_memory_win.cc(73)] ReadMemory at 0x7fefb950000 of 64 bytes failed: Only part of a ReadProcessMemory or WriteProcessMemory request was completed. (0x12B)
[0703/172942.783:WARNING:pe_image_reader.cc(340)] could not read dos header from C:\Windows\system32\WINMM.dll
[0703/172942.783:ERROR:process_memory_win.cc(73)] ReadMemory at 0x7fefb950000 of 64 bytes failed: Only part of a ReadProcessMemory or WriteProcessMemory request was completed. (0x12B)
[0703/172942.783:WARNING:pe_image_reader.cc(340)] could not read dos header from C:\Windows\system32\WINMM.dll
[0703/172942.783:ERROR:process_memory_win.cc(73)] ReadMemory at 0x7fefd050000 of 64 bytes failed: Only part of a ReadProcessMemory or WriteProcessMemory request was completed. (0x12B)
[0703/172942.783:WARNING:pe_image_reader.cc(340)] could not read dos header from C:\Windows\system32\Secur32.dll
[0703/172942.783:ERROR:process_memory_win.cc(73)] ReadMemory at 0x7fefd050000 of 64 bytes failed: Only part of a ReadProcessMemory or WriteProcessMemory request was completed. (0x12B)
[0703/172942.783:WARNING:pe_image_reader.cc(340)] could not read dos header from C:\Windows\system32\Secur32.dll
[0703/172942.783:ERROR:process_memory_win.cc(73)] ReadMemory at 0x7fefd210000 of 64 bytes failed: Only part of a ReadProcessMemory or WriteProcessMemory request was completed. (0x12B)
[0703/172942.783:WARNING:pe_image_reader.cc(340)] could not read dos header from C:\Windows\system32\SSPICLI.DLL
[0703/172942.783:ERROR:process_memory_win.cc(73)] ReadMemory at 0x7fefd210000 of 64 bytes failed: Only part of a ReadProcessMemory or WriteProcessMemory request was completed. (0x12B)
[0703/172942.783:WARNING:pe_image_reader.cc(340)] could not read dos header from C:\Windows\system32\SSPICLI.DLL
[0703/172942.784:ERROR:process_memory_win.cc(73)] ReadMemory at 0x7fefd650000 of 64 bytes failed: Only part of a ReadProcessMemory or WriteProcessMemory request was completed. (0x12B)
[0703/172942.784:WARNING:pe_image_reader.cc(340)] could not read dos header from C:\Windows\system32\USERENV.dll
[0703/172942.784:ERROR:process_memory_win.cc(73)] ReadMemory at 0x7fefd650000 of 64 bytes failed: Only part of a ReadProcessMemory or WriteProcessMemory request was completed. (0x12B)
[0703/172942.784:WARNING:pe_image_reader.cc(340)] could not read dos header from C:\Windows\system32\USERENV.dll
[0703/172942.784:ERROR:process_memory_win.cc(73)] ReadMemory at 0x7fefd400000 of 64 bytes failed: Only part of a ReadProcessMemory or WriteProcessMemory request was completed. (0x12B)
[0703/172942.784:WARNING:pe_image_reader.cc(340)] could not read dos header from C:\Windows\system32\profapi.dll
[0703/172942.784:ERROR:process_memory_win.cc(73)] ReadMemory at 0x7fefd400000 of 64 bytes failed: Only part of a ReadProcessMemory or WriteProcessMemory request was completed. (0x12B)
[0703/172942.784:WARNING:pe_image_reader.cc(340)] could not read dos header from C:\Windows\system32\profapi.dll
[0703/172942.784:ERROR:process_memory_win.cc(73)] ReadMemory at 0x7fefb930000 of 64 bytes failed: Only part of a ReadProcessMemory or WriteProcessMemory request was completed. (0x12B)
[0703/172942.784:WARNING:pe_image_reader.cc(340)] could not read dos header from C:\Windows\system32\NETAPI32.dll
[0703/172942.784:ERROR:process_memory_win.cc(73)] ReadMemory at 0x7fefb930000 of 64 bytes failed: Only part of a ReadProcessMemory or WriteProcessMemory request was completed. (0x12B)
[0703/172942.784:WARNING:pe_image_reader.cc(340)] could not read dos header from C:\Windows\system32\NETAPI32.dll
[0703/172942.784:ERROR:process_memory_win.cc(73)] ReadMemory at 0x7fefb920000 of 64 bytes failed: Only part of a ReadProcessMemory or WriteProcessMemory request was completed. (0x12B)
[0703/172942.784:WARNING:pe_image_reader.cc(340)] could not read dos header from C:\Windows\system32\netutils.dll
[0703/172942.784:ERROR:process_memory_win.cc(73)] ReadMemory at 0x7fefb920000 of 64 bytes failed: Only part of a ReadProcessMemory or WriteProcessMemory request was completed. (0x12B)
[0703/172942.784:WARNING:pe_image_reader.cc(340)] could not read dos header from C:\Windows\system32\netutils.dll
[0703/172942.784:ERROR:process_memory_win.cc(73)] ReadMemory at 0x7fefcfa0000 of 64 bytes failed: Only part of a ReadProcessMemory or WriteProcessMemory request was completed. (0x12B)
[0703/172942.784:WARNING:pe_image_reader.cc(340)] could not read dos header from C:\Windows\system32\srvcli.dll
[0703/172942.784:ERROR:process_memory_win.cc(73)] ReadMemory at 0x7fefcfa0000 of 64 bytes failed: Only part of a ReadProcessMemory or WriteProcessMemory request was completed. (0x12B)
[0703/172942.784:WARNING:pe_image_reader.cc(340)] could not read dos header from C:\Windows\system32\srvcli.dll
[0703/172942.784:ERROR:process_memory_win.cc(73)] ReadMemory at 0x7fefb0f0000 of 64 bytes failed: Only part of a ReadProcessMemory or WriteProcessMemory request was completed. (0x12B)
[0703/172942.785:WARNING:pe_image_reader.cc(340)] could not read dos header from C:\Windows\system32\wkscli.dll
[0703/172942.785:ERROR:process_memory_win.cc(73)] ReadMemory at 0x7fefb0f0000 of 64 bytes failed: Only part of a ReadProcessMemory or WriteProcessMemory request was completed. (0x12B)
[0703/172942.785:WARNING:pe_image_reader.cc(340)] could not read dos header from C:\Windows\system32\wkscli.dll
[0703/172942.785:ERROR:process_memory_win.cc(73)] ReadMemory at 0x7fefa7c0000 of 64 bytes failed: Only part of a ReadProcessMemory or WriteProcessMemory request was completed. (0x12B)
[0703/172942.785:WARNING:pe_image_reader.cc(340)] could not read dos header from C:\Windows\system32\SAMCLI.DLL
[0703/172942.785:ERROR:process_memory_win.cc(73)] ReadMemory at 0x7fefa7c0000 of 64 bytes failed: Only part of a ReadProcessMemory or WriteProcessMemory request was completed. (0x12B)
[0703/172942.785:WARNING:pe_image_reader.cc(340)] could not read dos header from C:\Windows\system32\SAMCLI.DLL
[0703/172942.785:ERROR:process_memory_win.cc(73)] ReadMemory at 0x7fefda20000 of 64 bytes failed: Only part of a ReadProcessMemory or WriteProcessMemory request was completed. (0x12B)
[0703/172942.785:WARNING:pe_image_reader.cc(340)] could not read dos header from C:\Windows\system32\SHELL32.dll
[0703/172942.785:ERROR:process_memory_win.cc(73)] ReadMemory at 0x7fefda20000 of 64 bytes failed: Only part of a ReadProcessMemory or WriteProcessMemory request was completed. (0x12B)
[0703/172942.785:WARNING:pe_image_reader.cc(340)] could not read dos header from C:\Windows\system32\SHELL32.dll
[0703/172942.785:ERROR:process_memory_win.cc(73)] ReadMemory at 0x7fefd670000 of 64 bytes failed: Only part of a ReadProcessMemory or WriteProcessMemory request was completed. (0x12B)
[0703/172942.785:WARNING:pe_image_reader.cc(340)] could not read dos header from C:\Windows\system32\WINTRUST.dll
[0703/172942.785:ERROR:process_memory_win.cc(73)] ReadMemory at 0x7fefd670000 of 64 bytes failed: Only part of a ReadProcessMemory or WriteProcessMemory request was completed. (0x12B)
[0703/172942.785:WARNING:pe_image_reader.cc(340)] could not read dos header from C:\Windows\system32\WINTRUST.dll
[0703/172942.785:ERROR:process_memory_win.cc(73)] ReadMemory at 0x7fefd420000 of 64 bytes failed: Only part of a ReadProcessMemory or WriteProcessMemory request was completed. (0x12B)
[0703/172942.785:WARNING:pe_image_reader.cc(340)] could not read dos header from C:\Windows\system32\CRYPT32.dll
[0703/172942.785:ERROR:process_memory_win.cc(73)] ReadMemory at 0x7fefd420000 of 64 bytes failed: Only part of a ReadProcessMemory or WriteProcessMemory request was completed. (0x12B)
[0703/172942.786:WARNING:pe_image_reader.cc(340)] could not read dos header from C:\Windows\system32\CRYPT32.dll
[0703/172942.786:ERROR:process_memory_win.cc(73)] ReadMemory at 0x7fefd410000 of 64 bytes failed: Only part of a ReadProcessMemory or WriteProcessMemory request was completed. (0x12B)
[0703/172942.786:WARNING:pe_image_reader.cc(340)] could not read dos header from C:\Windows\system32\MSASN1.dll
[0703/172942.786:ERROR:process_memory_win.cc(73)] ReadMemory at 0x7fefd410000 of 64 bytes failed: Only part of a ReadProcessMemory or WriteProcessMemory request was completed. (0x12B)
[0703/172942.786:WARNING:pe_image_reader.cc(340)] could not read dos header from C:\Windows\system32\MSASN1.dll
[0703/172942.786:ERROR:process_memory_win.cc(73)] ReadMemory at 0x7fef9e30000 of 64 bytes failed: Only part of a ReadProcessMemory or WriteProcessMemory request was completed. (0x12B)
[0703/172942.786:WARNING:pe_image_reader.cc(340)] could not read dos header from C:\Windows\system32\OLEACC.dll
[0703/172942.786:ERROR:process_memory_win.cc(73)] ReadMemory at 0x7fef9e30000 of 64 bytes failed: Only part of a ReadProcessMemory or WriteProcessMemory request was completed. (0x12B)
[0703/172942.786:WARNING:pe_image_reader.cc(340)] could not read dos header from C:\Windows\system32\OLEACC.dll
[0703/172942.786:ERROR:process_memory_win.cc(73)] ReadMemory at 0x7fee51a0000 of 64 bytes failed: Only part of a ReadProcessMemory or WriteProcessMemory request was completed. (0x12B)
[0703/172942.786:WARNING:pe_image_reader.cc(340)] could not read dos header from C:\Windows\system32\UIAutomationCore.DLL
[0703/172942.786:ERROR:process_memory_win.cc(73)] ReadMemory at 0x7fee51a0000 of 64 bytes failed: Only part of a ReadProcessMemory or WriteProcessMemory request was completed. (0x12B)
[0703/172942.786:WARNING:pe_image_reader.cc(340)] could not read dos header from C:\Windows\system32\UIAutomationCore.DLL
[0703/172942.786:ERROR:process_memory_win.cc(73)] ReadMemory at 0x77a60000 of 64 bytes failed: Only part of a ReadProcessMemory or WriteProcessMemory request was completed. (0x12B)
[0703/172942.786:WARNING:pe_image_reader.cc(340)] could not read dos header from C:\Windows\system32\PSAPI.DLL
[0703/172942.786:ERROR:process_memory_win.cc(73)] ReadMemory at 0x77a60000 of 64 bytes failed: Only part of a ReadProcessMemory or WriteProcessMemory request was completed. (0x12B)
[0703/172942.786:WARNING:pe_image_reader.cc(340)] could not read dos header from C:\Windows\system32\PSAPI.DLL
[0703/172942.786:ERROR:process_memory_win.cc(73)] ReadMemory at 0x7fefa050000 of 64 bytes failed: Only part of a ReadProcessMemory or WriteProcessMemory request was completed. (0x12B)
[0703/172942.786:WARNING:pe_image_reader.cc(340)] could not read dos header from C:\Windows\WinSxS\amd64_microsoft.windows.common-controls_6595b64144ccf1df_5.82.7601.18837_none_a4d981ff711297b6\COMCTL32.dll
[0703/172942.786:ERROR:process_memory_win.cc(73)] ReadMemory at 0x7fefa050000 of 64 bytes failed: Only part of a ReadProcessMemory or WriteProcessMemory request was completed. (0x12B)
[0703/172942.786:WARNING:pe_image_reader.cc(340)] could not read dos header from C:\Windows\WinSxS\amd64_microsoft.windows.common-controls_6595b64144ccf1df_5.82.7601.18837_none_a4d981ff711297b6\COMCTL32.dll
[0703/172942.787:ERROR:process_memory_win.cc(73)] ReadMemory at 0x7fefafb0000 of 64 bytes failed: Only part of a ReadProcessMemory or WriteProcessMemory request was completed. (0x12B)
[0703/172942.787:WARNING:pe_image_reader.cc(340)] could not read dos header from C:\Windows\system32\WTSAPI32.dll
[0703/172942.787:ERROR:process_memory_win.cc(73)] ReadMemory at 0x7fefafb0000 of 64 bytes failed: Only part of a ReadProcessMemory or WriteProcessMemory request was completed. (0x12B)
[0703/172942.787:WARNING:pe_image_reader.cc(340)] could not read dos header from C:\Windows\system32\WTSAPI32.dll
[0703/172942.787:ERROR:process_memory_win.cc(73)] ReadMemory at 0x7fefacd0000 of 64 bytes failed: Only part of a ReadProcessMemory or WriteProcessMemory request was completed. (0x12B)
[0703/172942.787:WARNING:pe_image_reader.cc(340)] could not read dos header from C:\Windows\system32\HID.DLL
[0703/172942.787:ERROR:process_memory_win.cc(73)] ReadMemory at 0x7fefacd0000 of 64 bytes failed: Only part of a ReadProcessMemory or WriteProcessMemory request was completed. (0x12B)
[0703/172942.787:WARNING:pe_image_reader.cc(340)] could not read dos header from C:\Windows\system32\HID.DLL
[0703/172942.787:ERROR:process_memory_win.cc(73)] ReadMemory at 0x7fec6180000 of 64 bytes failed: Only part of a ReadProcessMemory or WriteProcessMemory request was completed. (0x12B)
[0703/172942.787:WARNING:pe_image_reader.cc(340)] could not read dos header from C:\Program Files\Microsoft Power BI Desktop\bin\chrome_elf.dll
[0703/172942.787:ERROR:process_memory_win.cc(73)] ReadMemory at 0x7fec6180000 of 64 bytes failed: Only part of a ReadProcessMemory or WriteProcessMemory request was completed. (0x12B)
[0703/172942.787:WARNING:pe_image_reader.cc(340)] could not read dos header from C:\Program Files\Microsoft Power BI Desktop\bin\chrome_elf.dll
[0703/172942.787:ERROR:process_memory_win.cc(73)] ReadMemory at 0x7fefbc70000 of 64 bytes failed: Only part of a ReadProcessMemory or WriteProcessMemory request was completed. (0x12B)
[0703/172942.787:WARNING:pe_image_reader.cc(340)] could not read dos header from C:\Windows\system32\PROPSYS.dll
[0703/172942.787:ERROR:process_memory_win.cc(73)] ReadMemory at 0x7fefbc70000 of 64 bytes failed: Only part of a ReadProcessMemory or WriteProcessMemory request was completed. (0x12B)
[0703/172942.787:WARNING:pe_image_reader.cc(340)] could not read dos header from C:\Windows\system32\PROPSYS.dll
[0703/172942.787:ERROR:process_memory_win.cc(73)] ReadMemory at 0x7feea830000 of 64 bytes failed: Only part of a ReadProcessMemory or WriteProcessMemory request was completed. (0x12B)
[0703/172942.787:WARNING:pe_image_reader.cc(340)] could not read dos header from C:\Windows\system32\DWrite.dll
[0703/172942.787:ERROR:process_memory_win.cc(73)] ReadMemory at 0x7feea830000 of 64 bytes failed: Only part of a ReadProcessMemory or WriteProcessMemory request was completed. (0x12B)
[0703/172942.788:WARNING:pe_image_reader.cc(340)] could not read dos header from C:\Windows\system32\DWrite.dll
[0703/172942.788:ERROR:process_memory_win.cc(73)] ReadMemory at 0x7fef9ec0000 of 64 bytes failed: Only part of a ReadProcessMemory or WriteProcessMemory request was completed. (0x12B)
[0703/172942.788:WARNING:pe_image_reader.cc(340)] could not read dos header from C:\Windows\system32\WINSPOOL.DRV
[0703/172942.788:ERROR:process_memory_win.cc(73)] ReadMemory at 0x7fef9ec0000 of 64 bytes failed: Only part of a ReadProcessMemory or WriteProcessMemory request was completed. (0x12B)
[0703/172942.788:WARNING:pe_image_reader.cc(340)] could not read dos header from C:\Windows\system32\WINSPOOL.DRV
[0703/172942.788:ERROR:process_memory_win.cc(73)] ReadMemory at 0x7fefb8b0000 of 64 bytes failed: Only part of a ReadProcessMemory or WriteProcessMemory request was completed. (0x12B)
[0703/172942.788:WARNING:pe_image_reader.cc(340)] could not read dos header from C:\Windows\system32\UxTheme.dll
[0703/172942.788:ERROR:process_memory_win.cc(73)] ReadMemory at 0x7fefb8b0000 of 64 bytes failed: Only part of a ReadProcessMemory or WriteProcessMemory request was completed. (0x12B)
[0703/172942.788:WARNING:pe_image_reader.cc(340)] could not read dos header from C:\Windows\system32\UxTheme.dll
[0703/172942.788:ERROR:process_memory_win.cc(73)] ReadMemory at 0x7fef7550000 of 64 bytes failed: Only part of a ReadProcessMemory or WriteProcessMemory request was completed. (0x12B)
[0703/172942.788:WARNING:pe_image_reader.cc(340)] could not read dos header from C:\Windows\system32\dbghelp.dll
[0703/172942.788:ERROR:process_memory_win.cc(73)] ReadMemory at 0x7fef7550000 of 64 bytes failed: Only part of a ReadProcessMemory or WriteProcessMemory request was completed. (0x12B)
[0703/172942.788:WARNING:pe_image_reader.cc(340)] could not read dos header from C:\Windows\system32\dbghelp.dll
[0703/172942.788:ERROR:process_memory_win.cc(73)] ReadMemory at 0x7fefe810000 of 64 bytes failed: Only part of a ReadProcessMemory or WriteProcessMemory request was completed. (0x12B)
[0703/172942.788:WARNING:pe_image_reader.cc(340)] could not read dos header from C:\Windows\system32\COMDLG32.dll
[0703/172942.788:ERROR:process_memory_win.cc(73)] ReadMemory at 0x7fefe810000 of 64 bytes failed: Only part of a ReadProcessMemory or WriteProcessMemory request was completed. (0x12B)
[0703/172942.788:WARNING:pe_image_reader.cc(340)] could not read dos header from C:\Windows\system32\COMDLG32.dll
[0703/172942.788:ERROR:process_memory_win.cc(73)] ReadMemory at 0x7fee9dc0000 of 64 bytes failed: Only part of a ReadProcessMemory or WriteProcessMemory request was completed. (0x12B)
[0703/172942.788:WARNING:pe_image_reader.cc(340)] could not read dos header from C:\Windows\system32\d3d9.dll
[0703/172942.788:ERROR:process_memory_win.cc(73)] ReadMemory at 0x7fee9dc0000 of 64 bytes failed: Only part of a ReadProcessMemory or WriteProcessMemory request was completed. (0x12B)
[0703/172942.789:WARNING:pe_image_reader.cc(340)] could not read dos header from C:\Windows\system32\d3d9.dll
[0703/172942.789:ERROR:process_memory_win.cc(73)] ReadMemory at 0x7fee9360000 of 64 bytes failed: Only part of a ReadProcessMemory or WriteProcessMemory request was completed. (0x12B)
[0703/172942.789:WARNING:pe_image_reader.cc(340)] could not read dos header from C:\Windows\system32\d3d8thk.dll
[0703/172942.789:ERROR:process_memory_win.cc(73)] ReadMemory at 0x7fee9360000 of 64 bytes failed: Only part of a ReadProcessMemory or WriteProcessMemory request was completed. (0x12B)
[0703/172942.789:WARNING:pe_image_reader.cc(340)] could not read dos header from C:\Windows\system32\d3d8thk.dll
[0703/172942.789:ERROR:process_memory_win.cc(73)] ReadMemory at 0x7fee9330000 of 64 bytes failed: Only part of a ReadProcessMemory or WriteProcessMemory request was completed. (0x12B)
[0703/172942.789:WARNING:pe_image_reader.cc(340)] could not read dos header from C:\Windows\system32\dxva2.dll
[0703/172942.789:ERROR:process_memory_win.cc(73)] ReadMemory at 0x7fee9330000 of 64 bytes failed: Only part of a ReadProcessMemory or WriteProcessMemory request was completed. (0x12B)
[0703/172942.789:WARNING:pe_image_reader.cc(340)] could not read dos header from C:\Windows\system32\dxva2.dll
[0703/172942.789:ERROR:process_memory_win.cc(73)] ReadMemory at 0x7fef92d0000 of 64 bytes failed: Only part of a ReadProcessMemory or WriteProcessMemory request was completed. (0x12B)
[0703/172942.789:WARNING:pe_image_reader.cc(340)] could not read dos header from C:\Windows\system32\d3d11.dll
[0703/172942.789:ERROR:process_memory_win.cc(73)] ReadMemory at 0x7fef92d0000 of 64 bytes failed: Only part of a ReadProcessMemory or WriteProcessMemory request was completed. (0x12B)
[0703/172942.789:WARNING:pe_image_reader.cc(340)] could not read dos header from C:\Windows\system32\d3d11.dll
[0703/172942.789:ERROR:process_memory_win.cc(73)] ReadMemory at 0x7fee47b0000 of 64 bytes failed: Only part of a ReadProcessMemory or WriteProcessMemory request was completed. (0x12B)
[0703/172942.789:WARNING:pe_image_reader.cc(340)] could not read dos header from C:\Windows\system32\credui.dll
[0703/172942.789:ERROR:process_memory_win.cc(73)] ReadMemory at 0x7fee47b0000 of 64 bytes failed: Only part of a ReadProcessMemory or WriteProcessMemory request was completed. (0x12B)
[0703/172942.789:WARNING:pe_image_reader.cc(340)] could not read dos header from C:\Windows\system32\credui.dll
[0703/172942.789:ERROR:process_memory_win.cc(73)] ReadMemory at 0x7feff4e0000 of 64 bytes failed: Only part of a ReadProcessMemory or WriteProcessMemory request was completed. (0x12B)
[0703/172942.789:WARNING:pe_image_reader.cc(340)] could not read dos header from C:\Windows\system32\urlmon.dll
[0703/172942.789:ERROR:process_memory_win.cc(73)] ReadMemory at 0x7feff4e0000 of 64 bytes failed: Only part of a ReadProcessMemory or WriteProcessMemory request was completed. (0x12B)
[0703/172942.789:WARNING:pe_image_reader.cc(340)] could not read dos header from C:\Windows\system32\urlmon.dll
[0703/172942.789:ERROR:process_memory_win.cc(73)] ReadMemory at 0x7fefd720000 of 64 bytes failed: Only part of a ReadProcessMemory or WriteProcessMemory request was completed. (0x12B)
[0703/172942.789:WARNING:pe_image_reader.cc(340)] could not read dos header from C:\Windows\system32\api-ms-win-downlevel-ole32-l1-1-0.dll
[0703/172942.789:ERROR:process_memory_win.cc(73)] ReadMemory at 0x7fefd720000 of 64 bytes failed: Only part of a ReadProcessMemory or WriteProcessMemory request was completed. (0x12B)
[0703/172942.790:WARNING:pe_image_reader.cc(340)] could not read dos header from C:\Windows\system32\api-ms-win-downlevel-ole32-l1-1-0.dll
[0703/172942.790:ERROR:process_memory_win.cc(73)] ReadMemory at 0x7fefd730000 of 64 bytes failed: Only part of a ReadProcessMemory or WriteProcessMemory request was completed. (0x12B)
[0703/172942.790:WARNING:pe_image_reader.cc(340)] could not read dos header from C:\Windows\system32\api-ms-win-downlevel-shlwapi-l1-1-0.dll
[0703/172942.790:ERROR:process_memory_win.cc(73)] ReadMemory at 0x7fefd730000 of 64 bytes failed: Only part of a ReadProcessMemory or WriteProcessMemory request was completed. (0x12B)
[0703/172942.790:WARNING:pe_image_reader.cc(340)] could not read dos header from C:\Windows\system32\api-ms-win-downlevel-shlwapi-l1-1-0.dll
[0703/172942.790:ERROR:process_memory_win.cc(73)] ReadMemory at 0x7fefd750000 of 64 bytes failed: Only part of a ReadProcessMemory or WriteProcessMemory request was completed. (0x12B)
[0703/172942.790:WARNING:pe_image_reader.cc(340)] could not read dos header from C:\Windows\system32\api-ms-win-downlevel-advapi32-l1-1-0.dll
[0703/172942.790:ERROR:process_memory_win.cc(73)] ReadMemory at 0x7fefd750000 of 64 bytes failed: Only part of a ReadProcessMemory or WriteProcessMemory request was completed. (0x12B)
[0703/172942.790:WARNING:pe_image_reader.cc(340)] could not read dos header from C:\Windows\system32\api-ms-win-downlevel-advapi32-l1-1-0.dll
[0703/172942.790:ERROR:process_memory_win.cc(73)] ReadMemory at 0x7fefd740000 of 64 bytes failed: Only part of a ReadProcessMemory or WriteProcessMemory request was completed. (0x12B)
[0703/172942.790:WARNING:pe_image_reader.cc(340)] could not read dos header from C:\Windows\system32\api-ms-win-downlevel-user32-l1-1-0.dll
[0703/172942.790:ERROR:process_memory_win.cc(73)] ReadMemory at 0x7fefd740000 of 64 bytes failed: Only part of a ReadProcessMemory or WriteProcessMemory request was completed. (0x12B)
[0703/172942.790:WARNING:pe_image_reader.cc(340)] could not read dos header from C:\Windows\system32\api-ms-win-downlevel-user32-l1-1-0.dll
[0703/172942.790:ERROR:process_memory_win.cc(73)] ReadMemory at 0x7fefd760000 of 64 bytes failed: Only part of a ReadProcessMemory or WriteProcessMemory request was completed. (0x12B)
[0703/172942.790:WARNING:pe_image_reader.cc(340)] could not read dos header from C:\Windows\system32\api-ms-win-downlevel-version-l1-1-0.dll
[0703/172942.790:ERROR:process_memory_win.cc(73)] ReadMemory at 0x7fefd760000 of 64 bytes failed: Only part of a ReadProcessMemory or WriteProcessMemory request was completed. (0x12B)
[0703/172942.790:WARNING:pe_image_reader.cc(340)] could not read dos header from C:\Windows\system32\api-ms-win-downlevel-version-l1-1-0.dll
[0703/172942.790:ERROR:process_memory_win.cc(73)] ReadMemory at 0x7fefd7b0000 of 64 bytes failed: Only part of a ReadProcessMemory or WriteProcessMemory request was completed. (0x12B)
[0703/172942.790:WARNING:pe_image_reader.cc(340)] could not read dos header from C:\Windows\system32\api-ms-win-downlevel-normaliz-l1-1-0.dll
[0703/172942.790:ERROR:process_memory_win.cc(73)] ReadMemory at 0x7fefd7b0000 of 64 bytes failed: Only part of a ReadProcessMemory or WriteProcessMemory request was completed. (0x12B)
[0703/172942.790:WARNING:pe_image_reader.cc(340)] could not read dos header from C:\Windows\system32\api-ms-win-downlevel-normaliz-l1-1-0.dll
[0703/172942.790:ERROR:process_memory_win.cc(73)] ReadMemory at 0x77a50000 of 64 bytes failed: Only part of a ReadProcessMemory or WriteProcessMemory request was completed. (0x12B)
[0703/172942.790:WARNING:pe_image_reader.cc(340)] could not read dos header from C:\Windows\system32\normaliz.DLL
[0703/172942.791:ERROR:process_memory_win.cc(73)] ReadMemory at 0x77a50000 of 64 bytes failed: Only part of a ReadProcessMemory or WriteProcessMemory request was completed. (0x12B)
[0703/172942.791:WARNING:pe_image_reader.cc(340)] could not read dos header from C:\Windows\system32\normaliz.DLL
[0703/172942.791:ERROR:process_memory_win.cc(73)] ReadMemory at 0x7feff670000 of 64 bytes failed: Only part of a ReadProcessMemory or WriteProcessMemory request was completed. (0x12B)
[0703/172942.791:WARNING:pe_image_reader.cc(340)] could not read dos header from C:\Windows\system32\iertutil.dll
[0703/172942.791:ERROR:process_memory_win.cc(73)] ReadMemory at 0x7feff670000 of 64 bytes failed: Only part of a ReadProcessMemory or WriteProcessMemory request was completed. (0x12B)
[0703/172942.791:WARNING:pe_image_reader.cc(340)] could not read dos header from C:\Windows\system32\iertutil.dll
[0703/172942.791:ERROR:process_memory_win.cc(73)] ReadMemory at 0x7fefedb0000 of 64 bytes failed: Only part of a ReadProcessMemory or WriteProcessMemory request was completed. (0x12B)
[0703/172942.791:WARNING:pe_image_reader.cc(340)] could not read dos header from C:\Windows\system32\WININET.dll
[0703/172942.791:ERROR:process_memory_win.cc(73)] ReadMemory at 0x7fefedb0000 of 64 bytes failed: Only part of a ReadProcessMemory or WriteProcessMemory request was completed. (0x12B)
[0703/172942.791:WARNING:pe_image_reader.cc(340)] could not read dos header from C:\Windows\system32\WININET.dll
[0703/172942.791:ERROR:process_memory_win.cc(73)] ReadMemory at 0x7fefcdb0000 of 64 bytes failed: Only part of a ReadProcessMemory or WriteProcessMemory request was completed. (0x12B)
[0703/172942.791:WARNING:pe_image_reader.cc(340)] could not read dos header from C:\Windows\system32\ncrypt.dll
[0703/172942.791:ERROR:process_memory_win.cc(73)] ReadMemory at 0x7fefcdb0000 of 64 bytes failed: Only part of a ReadProcessMemory or WriteProcessMemory request was completed. (0x12B)
[0703/172942.791:WARNING:pe_image_reader.cc(340)] could not read dos header from C:\Windows\system32\ncrypt.dll
[0703/172942.791:ERROR:process_memory_win.cc(73)] ReadMemory at 0x7fefcd80000 of 64 bytes failed: Only part of a ReadProcessMemory or WriteProcessMemory request was completed. (0x12B)
[0703/172942.791:WARNING:pe_image_reader.cc(340)] could not read dos header from C:\Windows\system32\bcrypt.dll
[0703/172942.791:ERROR:process_memory_win.cc(73)] ReadMemory at 0x7fefcd80000 of 64 bytes failed: Only part of a ReadProcessMemory or WriteProcessMemory request was completed. (0x12B)
[0703/172942.791:WARNING:pe_image_reader.cc(340)] could not read dos header from C:\Windows\system32\bcrypt.dll
[0703/172942.791:ERROR:process_memory_win.cc(73)] ReadMemory at 0x7fef86b0000 of 64 bytes failed: Only part of a ReadProcessMemory or WriteProcessMemory request was completed. (0x12B)
[0703/172942.791:WARNING:pe_image_reader.cc(340)] could not read dos header from C:\Windows\system32\WINHTTP.dll
[0703/172942.791:ERROR:process_memory_win.cc(73)] ReadMemory at 0x7fef86b0000 of 64 bytes failed: Only part of a ReadProcessMemory or WriteProcessMemory request was completed. (0x12B)
[0703/172942.791:WARNING:pe_image_reader.cc(340)] could not read dos header from C:\Windows\system32\WINHTTP.dll
[0703/172942.791:ERROR:process_memory_win.cc(73)] ReadMemory at 0x7fef8640000 of 64 bytes failed: Only part of a ReadProcessMemory or WriteProcessMemory request was completed. (0x12B)
[0703/172942.791:WARNING:pe_image_reader.cc(340)] could not read dos header from C:\Windows\system32\webio.dll
[0703/172942.792:ERROR:process_memory_win.cc(73)] ReadMemory at 0x7fef8640000 of 64 bytes failed: Only part of a ReadProcessMemory or WriteProcessMemory request was completed. (0x12B)
[0703/172942.792:WARNING:pe_image_reader.cc(340)] could not read dos header from C:\Windows\system32\webio.dll
[0703/172942.792:ERROR:process_memory_win.cc(73)] ReadMemory at 0x7fefc050000 of 64 bytes failed: Only part of a ReadProcessMemory or WriteProcessMemory request was completed. (0x12B)
[0703/172942.792:WARNING:pe_image_reader.cc(340)] could not read dos header from C:\Windows\system32\CRYPTUI.dll
[0703/172942.792:ERROR:process_memory_win.cc(73)] ReadMemory at 0x7fefc050000 of 64 bytes failed: Only part of a ReadProcessMemory or WriteProcessMemory request was completed. (0x12B)
[0703/172942.792:WARNING:pe_image_reader.cc(340)] could not read dos header from C:\Windows\system32\CRYPTUI.dll
[0703/172942.792:ERROR:process_memory_win.cc(73)] ReadMemory at 0x7fefad90000 of 64 bytes failed: Only part of a ReadProcessMemory or WriteProcessMemory request was completed. (0x12B)
[0703/172942.792:WARNING:pe_image_reader.cc(340)] could not read dos header from C:\Windows\system32\dhcpcsvc.DLL
[0703/172942.792:ERROR:process_memory_win.cc(73)] ReadMemory at 0x7fefad90000 of 64 bytes failed: Only part of a ReadProcessMemory or WriteProcessMemory request was completed. (0x12B)
[0703/172942.792:WARNING:pe_image_reader.cc(340)] could not read dos header from C:\Windows\system32\dhcpcsvc.DLL
[0703/172942.792:ERROR:process_memory_win.cc(73)] ReadMemory at 0x7fef8c50000 of 64 bytes failed: Only part of a ReadProcessMemory or WriteProcessMemory request was completed. (0x12B)
[0703/172942.792:WARNING:pe_image_reader.cc(340)] could not read dos header from C:\Windows\system32\ESENT.dll
[0703/172942.792:ERROR:process_memory_win.cc(73)] ReadMemory at 0x7fef8c50000 of 64 bytes failed: Only part of a ReadProcessMemory or WriteProcessMemory request was completed. (0x12B)
[0703/172942.792:WARNING:pe_image_reader.cc(340)] could not read dos header from C:\Windows\system32\ESENT.dll
[0703/172942.792:ERROR:process_memory_win.cc(73)] ReadMemory at 0x7fefba70000 of 64 bytes failed: Only part of a ReadProcessMemory or WriteProcessMemory request was completed. (0x12B)
[0703/172942.792:WARNING:pe_image_reader.cc(340)] could not read dos header from C:\Windows\WinSxS\amd64_microsoft.windows.common-controls_6595b64144ccf1df_6.0.7601.24483_none_e372d88f30fbb845\comctl32.dll
[0703/172942.792:ERROR:process_memory_win.cc(73)] ReadMemory at 0x7fefba70000 of 64 bytes failed: Only part of a ReadProcessMemory or WriteProcessMemory request was completed. (0x12B)
[0703/172942.792:WARNING:pe_image_reader.cc(340)] could not read dos header from C:\Windows\WinSxS\amd64_microsoft.windows.common-controls_6595b64144ccf1df_6.0.7601.24483_none_e372d88f30fbb845\comctl32.dll
[0703/172942.792:ERROR:process_memory_win.cc(73)] ReadMemory at 0x7fef3700000 of 64 bytes failed: Only part of a ReadProcessMemory or WriteProcessMemory request was completed. (0x12B)
[0703/172942.792:WARNING:pe_image_reader.cc(340)] could not read dos header from C:\Windows\Microsoft.NET\Framework64\v4.0.30319\nlssorting.dll
[0703/172942.792:ERROR:process_memory_win.cc(73)] ReadMemory at 0x7fef3700000 of 64 bytes failed: Only part of a ReadProcessMemory or WriteProcessMemory request was completed. (0x12B)
[0703/172942.792:WARNING:pe_image_reader.cc(340)] could not read dos header from C:\Windows\Microsoft.NET\Framework64\v4.0.30319\nlssorting.dll
[0703/172942.792:ERROR:process_memory_win.cc(73)] ReadMemory at 0x7fe81eb0000 of 64 bytes failed: Only part of a ReadProcessMemory or WriteProcessMemory request was completed. (0x12B)
[0703/172942.793:WARNING:pe_image_reader.cc(340)] could not read dos header from C:\Windows\assembly\NativeImages_v4.0.30319_64\System.ServiceModel\b3e45b2062cbd524452a737932481070\System.ServiceModel.ni.dll
[0703/172942.793:ERROR:process_memory_win.cc(73)] ReadMemory at 0x7fe81eb0000 of 64 bytes failed: Only part of a ReadProcessMemory or WriteProcessMemory request was completed. (0x12B)
[0703/172942.793:WARNING:pe_image_reader.cc(340)] could not read dos header from C:\Windows\assembly\NativeImages_v4.0.30319_64\System.ServiceModel\b3e45b2062cbd524452a737932481070\System.ServiceModel.ni.dll
[0703/172942.793:ERROR:process_memory_win.cc(73)] ReadMemory at 0x7fec69d0000 of 64 bytes failed: Only part of a ReadProcessMemory or WriteProcessMemory request was completed. (0x12B)
[0703/172942.793:WARNING:pe_image_reader.cc(340)] could not read dos header from C:\Windows\assembly\NativeImages_v4.0.30319_64\System.Runteb92aa12#\59402b7409a181434ade7dc881a06f0a\System.Runtime.Serialization.ni.dll
[0703/172942.793:ERROR:process_memory_win.cc(73)] ReadMemory at 0x7fec69d0000 of 64 bytes failed: Only part of a ReadProcessMemory or WriteProcessMemory request was completed. (0x12B)
[0703/172942.793:WARNING:pe_image_reader.cc(340)] could not read dos header from C:\Windows\assembly\NativeImages_v4.0.30319_64\System.Runteb92aa12#\59402b7409a181434ade7dc881a06f0a\System.Runtime.Serialization.ni.dll
[0703/172942.793:ERROR:process_memory_win.cc(73)] ReadMemory at 0x7fed6120000 of 64 bytes failed: Only part of a ReadProcessMemory or WriteProcessMemory request was completed. (0x12B)
[0703/172942.793:WARNING:pe_image_reader.cc(340)] could not read dos header from C:\Windows\assembly\NativeImages_v4.0.30319_64\SMDiagnostics\fce9548051fd9f6b7ddbb05c61d332d1\SMDiagnostics.ni.dll
[0703/172942.793:ERROR:process_memory_win.cc(73)] ReadMemory at 0x7fed6120000 of 64 bytes failed: Only part of a ReadProcessMemory or WriteProcessMemory request was completed. (0x12B)
[0703/172942.793:WARNING:pe_image_reader.cc(340)] could not read dos header from C:\Windows\assembly\NativeImages_v4.0.30319_64\SMDiagnostics\fce9548051fd9f6b7ddbb05c61d332d1\SMDiagnostics.ni.dll
[0703/172942.793:ERROR:process_memory_win.cc(73)] ReadMemory at 0x7fea1c80000 of 64 bytes failed: Only part of a ReadProcessMemory or WriteProcessMemory request was completed. (0x12B)
[0703/172942.793:WARNING:pe_image_reader.cc(340)] could not read dos header from C:\Windows\assembly\NativeImages_v4.0.30319_64\System.Xml\1f9f54067fa94d3e748e5ccfe812fbe2\System.Xml.ni.dll
[0703/172942.793:ERROR:process_memory_win.cc(73)] ReadMemory at 0x7fea1c80000 of 64 bytes failed: Only part of a ReadProcessMemory or WriteProcessMemory request was completed. (0x12B)
[0703/172942.793:WARNING:pe_image_reader.cc(340)] could not read dos header from C:\Windows\assembly\NativeImages_v4.0.30319_64\System.Xml\1f9f54067fa94d3e748e5ccfe812fbe2\System.Xml.ni.dll
[0703/172942.793:ERROR:process_memory_win.cc(73)] ReadMemory at 0x7fe844a0000 of 64 bytes failed: Only part of a ReadProcessMemory or WriteProcessMemory request was completed. (0x12B)
[0703/172942.793:WARNING:pe_image_reader.cc(340)] could not read dos header from C:\Windows\assembly\NativeImages_v4.0.30319_64\System.Servd1dec626#\b1df39720c7ef1d0058fa7fd5cbe15c5\System.ServiceModel.Internals.ni.dll
[0703/172942.793:ERROR:process_memory_win.cc(73)] ReadMemory at 0x7fe844a0000 of 64 bytes failed: Only part of a ReadProcessMemory or WriteProcessMemory request was completed. (0x12B)
[0703/172942.793:WARNING:pe_image_reader.cc(340)] could not read dos header from C:\Windows\assembly\NativeImages_v4.0.30319_64\System.Servd1dec626#\b1df39720c7ef1d0058fa7fd5cbe15c5\System.ServiceModel.Internals.ni.dll
[0703/172942.793:ERROR:process_memory_win.cc(73)] ReadMemory at 0x7fef30c0000 of 64 bytes failed: Only part of a ReadProcessMemory or WriteProcessMemory request was completed. (0x12B)
[0703/172942.794:WARNING:pe_image_reader.cc(340)] could not read dos header from C:\Windows\assembly\NativeImages_v4.0.30319_64\System.Configuration\f9510d0dd8edf16c84d0497e438c04a7\System.Configuration.ni.dll
[0703/172942.794:ERROR:process_memory_win.cc(73)] ReadMemory at 0x7fef30c0000 of 64 bytes failed: Only part of a ReadProcessMemory or WriteProcessMemory request was completed. (0x12B)
[0703/172942.794:WARNING:pe_image_reader.cc(340)] could not read dos header from C:\Windows\assembly\NativeImages_v4.0.30319_64\System.Configuration\f9510d0dd8edf16c84d0497e438c04a7\System.Configuration.ni.dll
[0703/172942.794:ERROR:process_memory_win.cc(73)] ReadMemory at 0x7fe86590000 of 64 bytes failed: Only part of a ReadProcessMemory or WriteProcessMemory request was completed. (0x12B)
[0703/172942.794:WARNING:pe_image_reader.cc(340)] could not read dos header from C:\Windows\Microsoft.NET\Framework64\v4.0.30319\diasymreader.dll
[0703/172942.794:ERROR:process_memory_win.cc(73)] ReadMemory at 0x7fe86590000 of 64 bytes failed: Only part of a ReadProcessMemory or WriteProcessMemory request was completed. (0x12B)
[0703/172942.794:WARNING:pe_image_reader.cc(340)] could not read dos header from C:\Windows\Microsoft.NET\Framework64\v4.0.30319\diasymreader.dll
[0703/172943.329:ERROR:process_memory_win.cc(73)] ReadMemory at 0x44a000 of 155648 bytes failed: Only part of a ReadProcessMemory or WriteProcessMemory request was completed. (0x12B)
[0703/172943.330:ERROR:process_memory_win.cc(73)] ReadMemory at 0x286f000 of 4096 bytes failed: Only part of a ReadProcessMemory or WriteProcessMemory request was completed. (0x12B)
[0703/172943.330:ERROR:process_memory_win.cc(73)] ReadMemory at 0x1b04d000 of 12288 bytes failed: Only part of a ReadProcessMemory or WriteProcessMemory request was completed. (0x12B)
[0703/172943.330:ERROR:process_memory_win.cc(73)] ReadMemory at 0x1b90c000 of 16384 bytes failed: Only part of a ReadProcessMemory or WriteProcessMemory request was completed. (0x12B)
[0703/172943.330:ERROR:process_memory_win.cc(73)] ReadMemory at 0x1ca2c000 of 16384 bytes failed: Only part of a ReadProcessMemory or WriteProcessMemory request was completed. (0x12B)
[0703/172943.330:ERROR:process_memory_win.cc(73)] ReadMemory at 0x1d9ac000 of 16384 bytes failed: Only part of a ReadProcessMemory or WriteProcessMemory request was completed. (0x12B)
[0703/172943.330:ERROR:process_memory_win.cc(73)] ReadMemory at 0x1dedc000 of 16384 bytes failed: Only part of a ReadProcessMemory or WriteProcessMemory request was completed. (0x12B)
[0703/172943.330:ERROR:process_memory_win.cc(73)] ReadMemory at 0x1ea3c000 of 16384 bytes failed: Only part of a ReadProcessMemory or WriteProcessMemory request was completed. (0x12B)
[0703/172943.331:ERROR:process_memory_win.cc(73)] ReadMemory at 0x1f02b000 of 20480 bytes failed: Only part of a ReadProcessMemory or WriteProcessMemory request was completed. (0x12B)
[0703/172943.331:ERROR:process_memory_win.cc(73)] ReadMemory at 0x1f53c000 of 16384 bytes failed: Only part of a ReadProcessMemory or WriteProcessMemory request was completed. (0x12B)
[0703/172943.331:ERROR:process_memory_win.cc(73)] ReadMemory at 0x1fa8c000 of 16384 bytes failed: Only part of a ReadProcessMemory or WriteProcessMemory request was completed. (0x12B)
[0703/172943.331:ERROR:process_memory_win.cc(73)] ReadMemory at 0x2051b000 of 20480 bytes failed: Only part of a ReadProcessMemory or WriteProcessMemory request was completed. (0x12B)
[0703/172943.331:ERROR:process_memory_win.cc(73)] ReadMemory at 0x209fc000 of 16384 bytes failed: Only part of a ReadProcessMemory or WriteProcessMemory request was completed. (0x12B)
[0703/172943.331:ERROR:process_memory_win.cc(73)] ReadMemory at 0x20eaa000 of 24576 bytes failed: Only part of a ReadProcessMemory or WriteProcessMemory request was completed. (0x12B)
[0703/172943.331:ERROR:process_memory_win.cc(73)] ReadMemory at 0x21358000 of 32768 bytes failed: Only part of a ReadProcessMemory or WriteProcessMemory request was completed. (0x12B)
[0703/172943.331:ERROR:process_memory_win.cc(73)] ReadMemory at 0x2190c000 of 16384 bytes failed: Only part of a ReadProcessMemory or WriteProcessMemory request was completed. (0x12B)
[0703/172943.331:ERROR:process_memory_win.cc(73)] ReadMemory at 0x29f1c000 of 16384 bytes failed: Only part of a ReadProcessMemory or WriteProcessMemory request was completed. (0x12B)
[0703/172943.332:ERROR:process_memory_win.cc(73)] ReadMemory at 0x2a646000 of 40960 bytes failed: Only part of a ReadProcessMemory or WriteProcessMemory request was completed. (0x12B)
[0703/172943.332:ERROR:process_memory_win.cc(73)] ReadMemory at 0x2218c000 of 16384 bytes failed: Only part of a ReadProcessMemory or WriteProcessMemory request was completed. (0x12B)
[0703/172943.332:ERROR:process_memory_win.cc(73)] ReadMemory at 0x60f80 of 128 bytes failed: Only part of a ReadProcessMemory or WriteProcessMemory request was completed. (0x12B)
[0703/172943.332:ERROR:process_memory_win.cc(73)] ReadMemory at 0x4a0078 of 512 bytes failed: Only part of a ReadProcessMemory or WriteProcessMemory request was completed. (0x12B)
[0703/172943.332:ERROR:process_memory_win.cc(73)] ReadMemory at 0x4a1320 of 3798 bytes failed: Only part of a ReadProcessMemory or WriteProcessMemory request was completed. (0x12B)
[0703/172943.332:ERROR:process_memory_win.cc(73)] ReadMemory at 0x4a2200 of 1012 bytes failed: Only part of a ReadProcessMemory or WriteProcessMemory request was completed. (0x12B)
[0703/172943.332:ERROR:process_memory_win.cc(73)] ReadMemory at 0x4a2808 of 1340 bytes failed: Only part of a ReadProcessMemory or WriteProcessMemory request was completed. (0x12B)
[0703/172943.332:ERROR:process_memory_win.cc(73)] ReadMemory at 0x4a2d46 of 156 bytes failed: Only part of a ReadProcessMemory or WriteProcessMemory request was completed. (0x12B)
[0703/172943.332:ERROR:process_memory_win.cc(73)] ReadMemory at 0x4a2de4 of 1468 bytes failed: Only part of a ReadProcessMemory or WriteProcessMemory request was completed. (0x12B)
[0703/172943.332:ERROR:process_memory_win.cc(73)] ReadMemory at 0x4a33a2 of 156 bytes failed: Only part of a ReadProcessMemory or WriteProcessMemory request was completed. (0x12B)
[0703/172943.333:ERROR:process_memory_win.cc(73)] ReadMemory at 0x4a3440 of 30 bytes failed: Only part of a ReadProcessMemory or WriteProcessMemory request was completed. (0x12B)
[0703/172943.333:ERROR:process_memory_win.cc(73)] ReadMemory at 0x4a3470 of 58 bytes failed: Only part of a ReadProcessMemory or WriteProcessMemory request was completed. (0x12B)
[0703/172943.333:ERROR:process_memory_win.cc(73)] ReadMemory at 0x4a3500 of 132 bytes failed: Only part of a ReadProcessMemory or WriteProcessMemory request was completed. (0x12B)
[0703/172943.334:ERROR:process_memory_win.cc(73)] ReadMemory at 0x4a35f0 of 132 bytes failed: Only part of a ReadProcessMemory or WriteProcessMemory request was completed. (0x12B)
[0703/172943.335:ERROR:process_memory_win.cc(73)] ReadMemory at 0x4a3708 of 68 bytes failed: Only part of a ReadProcessMemory or WriteProcessMemory request was completed. (0x12B)
[0703/172943.335:ERROR:process_memory_win.cc(73)] ReadMemory at 0x4a3970 of 64 bytes failed: Only part of a ReadProcessMemory or WriteProcessMemory request was completed. (0x12B)
[0703/172943.335:ERROR:process_memory_win.cc(73)] ReadMemory at 0x4a39c0 of 132 bytes failed: Only part of a ReadProcessMemory or WriteProcessMemory request was completed. (0x12B)
[0703/172943.335:ERROR:process_memory_win.cc(73)] ReadMemory at 0x4a3ae0 of 68 bytes failed: Only part of a ReadProcessMemory or WriteProcessMemory request was completed. (0x12B)
[0703/172943.335:ERROR:process_memory_win.cc(73)] ReadMemory at 0x4a3ba0 of 62 bytes failed: Only part of a ReadProcessMemory or WriteProcessMemory request was completed. (0x12B)
[0703/172943.335:ERROR:process_memory_win.cc(73)] ReadMemory at 0x4a3bf0 of 132 bytes failed: Only part of a ReadProcessMemory or WriteProcessMemory request was completed. (0x12B)
[0703/172943.335:ERROR:process_memory_win.cc(73)] ReadMemory at 0x4a3ce0 of 132 bytes failed: Only part of a ReadProcessMemory or WriteProcessMemory request was completed. (0x12B)
[0703/172943.335:ERROR:process_memory_win.cc(73)] ReadMemory at 0x4e0f50 of 64 bytes failed: Only part of a ReadProcessMemory or WriteProcessMemory request was completed. (0x12B)
[0703/172943.335:ERROR:process_memory_win.cc(73)] ReadMemory at 0x4e0fa0 of 132 bytes failed: Only part of a ReadProcessMemory or WriteProcessMemory request was completed. (0x12B)
[0703/172943.335:ERROR:process_memory_win.cc(73)] ReadMemory at 0x4e1090 of 60 bytes failed: Only part of a ReadProcessMemory or WriteProcessMemory request was completed. (0x12B)
[0703/172943.336:ERROR:process_memory_win.cc(73)] ReadMemory at 0x4e10e0 of 132 bytes failed: Only part of a ReadProcessMemory or WriteProcessMemory request was completed. (0x12B)
[0703/172943.336:ERROR:process_memory_win.cc(73)] ReadMemory at 0x4e12f0 of 62 bytes failed: Only part of a ReadProcessMemory or WriteProcessMemory request was completed. (0x12B)
[0703/172943.336:ERROR:process_memory_win.cc(73)] ReadMemory at 0x4e1930 of 60 bytes failed: Only part of a ReadProcessMemory or WriteProcessMemory request was completed. (0x12B)
[0703/172943.336:ERROR:process_memory_win.cc(73)] ReadMemory at 0x4e1980 of 132 bytes failed: Only part of a ReadProcessMemory or WriteProcessMemory request was completed. (0x12B)
[0703/172943.336:ERROR:process_memory_win.cc(73)] ReadMemory at 0x4e1a70 of 120 bytes failed: Only part of a ReadProcessMemory or WriteProcessMemory request was completed. (0x12B)
[0703/172943.336:ERROR:process_memory_win.cc(73)] ReadMemory at 0x4e1b60 of 132 bytes failed: Only part of a ReadProcessMemory or WriteProcessMemory request was completed. (0x12B)
[0703/172943.336:ERROR:process_memory_win.cc(73)] ReadMemory at 0x4e31e0 of 88 bytes failed: Only part of a ReadProcessMemory or WriteProcessMemory request was completed. (0x12B)
[0703/172943.336:ERROR:process_memory_win.cc(73)] ReadMemory at 0x4e3690 of 132 bytes failed: Only part of a ReadProcessMemory or WriteProcessMemory request was completed. (0x12B)
[0703/172943.336:ERROR:process_memory_win.cc(73)] ReadMemory at 0x4e3780 of 104 bytes failed: Only part of a ReadProcessMemory or WriteProcessMemory request was completed. (0x12B)
[0703/172943.336:ERROR:process_memory_win.cc(73)] ReadMemory at 0x4e3800 of 132 bytes failed: Only part of a ReadProcessMemory or WriteProcessMemory request was completed. (0x12B)
[0703/172943.336:ERROR:process_memory_win.cc(73)] ReadMemory at 0x4e3b50 of 62 bytes failed: Only part of a ReadProcessMemory or WriteProcessMemory request was completed. (0x12B)
[0703/172943.336:ERROR:process_memory_win.cc(73)] ReadMemory at 0x4e3ba0 of 58 bytes failed: Only part of a ReadProcessMemory or WriteProcessMemory request was completed. (0x12B)
[0703/172943.337:ERROR:process_memory_win.cc(73)] ReadMemory at 0x4e3bf0 of 60 bytes failed: Only part of a ReadProcessMemory or WriteProcessMemory request was completed. (0x12B)
[0703/172943.337:ERROR:process_memory_win.cc(73)] ReadMemory at 0x4e3c40 of 58 bytes failed: Only part of a ReadProcessMemory or WriteProcessMemory request was completed. (0x12B)
[0703/172943.337:ERROR:process_memory_win.cc(73)] ReadMemory at 0x4e3c90 of 58 bytes failed: Only part of a ReadProcessMemory or WriteProcessMemory request was completed. (0x12B)
[0703/172943.337:ERROR:process_memory_win.cc(73)] ReadMemory at 0x4e3ce0 of 58 bytes failed: Only part of a ReadProcessMemory or WriteProcessMemory request was completed. (0x12B)
[0703/172943.337:ERROR:process_memory_win.cc(73)] ReadMemory at 0x4e3d80 of 62 bytes failed: Only part of a ReadProcessMemory or WriteProcessMemory request was completed. (0x12B)
[0703/172943.337:ERROR:process_memory_win.cc(73)] ReadMemory at 0x4e4870 of 62 bytes failed: Only part of a ReadProcessMemory or WriteProcessMemory request was completed. (0x12B)
[0703/172943.337:ERROR:process_memory_win.cc(73)] ReadMemory at 0x4e8160 of 80 bytes failed: Only part of a ReadProcessMemory or WriteProcessMemory request was completed. (0x12B)
[0703/172943.337:ERROR:process_memory_win.cc(73)] ReadMemory at 0x4e9e90 of 132 bytes failed: Only part of a ReadProcessMemory or WriteProcessMemory request was completed. (0x12B)
[0703/172943.337:ERROR:process_memory_win.cc(73)] ReadMemory at 0x4e9f80 of 132 bytes failed: Only part of a ReadProcessMemory or WriteProcessMemory request was completed. (0x12B)
[0703/172943.337:ERROR:process_memory_win.cc(73)] ReadMemory at 0x4ea070 of 132 bytes failed: Only part of a ReadProcessMemory or WriteProcessMemory request was completed. (0x12B)
[0703/172943.337:ERROR:process_memory_win.cc(73)] ReadMemory at 0x4ea160 of 132 bytes failed: Only part of a ReadProcessMemory or WriteProcessMemory request was completed. (0x12B)
[0703/172943.337:ERROR:process_memory_win.cc(73)] ReadMemory at 0x4ea250 of 132 bytes failed: Only part of a ReadProcessMemory or WriteProcessMemory request was completed. (0x12B)
[0703/172943.338:ERROR:process_memory_win.cc(73)] ReadMemory at 0x4ea570 of 132 bytes failed: Only part of a ReadProcessMemory or WriteProcessMemory request was completed. (0x12B)
[0703/172943.338:ERROR:process_memory_win.cc(73)] ReadMemory at 0x4eb710 of 54 bytes failed: Only part of a ReadProcessMemory or WriteProcessMemory request was completed. (0x12B)
[0703/172943.338:ERROR:process_memory_win.cc(73)] ReadMemory at 0x4ec710 of 132 bytes failed: Only part of a ReadProcessMemory or WriteProcessMemory request was completed. (0x12B)
[0703/172943.338:ERROR:process_memory_win.cc(73)] ReadMemory at 0x4ec800 of 132 bytes failed: Only part of a ReadProcessMemory or WriteProcessMemory request was completed. (0x12B)
[0703/172943.338:ERROR:process_memory_win.cc(73)] ReadMemory at 0x4ec8f0 of 132 bytes failed: Only part of a ReadProcessMemory or WriteProcessMemory request was completed. (0x12B)
[0703/172943.338:ERROR:process_memory_win.cc(73)] ReadMemory at 0x4ec9e0 of 132 bytes failed: Only part of a ReadProcessMemory or WriteProcessMemory request was completed. (0x12B)
[0703/172943.338:ERROR:process_memory_win.cc(73)] ReadMemory at 0x4ecad0 of 132 bytes failed: Only part of a ReadProcessMemory or WriteProcessMemory request was completed. (0x12B)
[0703/172943.338:ERROR:process_memory_win.cc(73)] ReadMemory at 0x4ecda0 of 132 bytes failed: Only part of a ReadProcessMemory or WriteProcessMemory request was completed. (0x12B)
[0703/172943.338:ERROR:process_memory_win.cc(73)] ReadMemory at 0x4ecf80 of 132 bytes failed: Only part of a ReadProcessMemory or WriteProcessMemory request was completed. (0x12B)
[0703/172943.338:ERROR:process_memory_win.cc(73)] ReadMemory at 0x4ed070 of 132 bytes failed: Only part of a ReadProcessMemory or WriteProcessMemory request was completed. (0x12B)
[0703/172943.338:ERROR:process_memory_win.cc(73)] ReadMemory at 0x4ed160 of 132 bytes failed: Only part of a ReadProcessMemory or WriteProcessMemory request was completed. (0x12B)
[0703/172943.356:ERROR:process_memory_win.cc(73)] ReadMemory at 0x4ed250 of 132 bytes failed: Only part of a ReadProcessMemory or WriteProcessMemory request was completed. (0x12B)
[0703/172943.357:ERROR:process_memory_win.cc(73)] ReadMemory at 0x4ed610 of 132 bytes failed: Only part of a ReadProcessMemory or WriteProcessMemory request was completed. (0x12B)
[0703/172943.357:ERROR:process_memory_win.cc(73)] ReadMemory at 0x4ed700 of 132 bytes failed: Only part of a ReadProcessMemory or WriteProcessMemory request was completed. (0x12B)
[0703/172943.357:ERROR:process_memory_win.cc(73)] ReadMemory at 0x4ed7f0 of 132 bytes failed: Only part of a ReadProcessMemory or WriteProcessMemory request was completed. (0x12B)
[0703/172943.357:ERROR:process_memory_win.cc(73)] ReadMemory at 0x4edca0 of 220 bytes failed: Only part of a ReadProcessMemory or WriteProcessMemory request was completed. (0x12B)
[0703/172943.357:ERROR:process_memory_win.cc(73)] ReadMemory at 0x4ee060 of 132 bytes failed: Only part of a ReadProcessMemory or WriteProcessMemory request was completed. (0x12B)
[0703/172943.357:ERROR:process_memory_win.cc(73)] ReadMemory at 0x4ee330 of 132 bytes failed: Only part of a ReadProcessMemory or WriteProcessMemory request was completed. (0x12B)
[0703/172943.357:ERROR:process_memory_win.cc(73)] ReadMemory at 0x4efa80 of 110 bytes failed: Only part of a ReadProcessMemory or WriteProcessMemory request was completed. (0x12B)
[0703/172943.357:ERROR:process_memory_win.cc(73)] ReadMemory at 0x53ef50 of 512 bytes failed: Only part of a ReadProcessMemory or WriteProcessMemory request was completed. (0x12B)
[0703/172943.357:ERROR:process_memory_win.cc(73)] ReadMemory at 0x5499f0 of 102 bytes failed: Only part of a ReadProcessMemory or WriteProcessMemory request was completed. (0x12B)
[0703/172943.357:ERROR:process_memory_win.cc(73)] ReadMemory at 0x549a60 of 102 bytes failed: Only part of a ReadProcessMemory or WriteProcessMemory request was completed. (0x12B)
[0703/172943.357:ERROR:process_memory_win.cc(73)] ReadMemory at 0x549ad0 of 100 bytes failed: Only part of a ReadProcessMemory or WriteProcessMemory request was completed. (0x12B)
[0703/172943.357:ERROR:process_memory_win.cc(73)] ReadMemory at 0x549b40 of 102 bytes failed: Only part of a ReadProcessMemory or WriteProcessMemory request was completed. (0x12B)
[0703/172943.357:ERROR:process_memory_win.cc(73)] ReadMemory at 0x549bb0 of 100 bytes failed: Only part of a ReadProcessMemory or WriteProcessMemory request was completed. (0x12B)
[0703/172943.357:ERROR:process_memory_win.cc(73)] ReadMemory at 0x549c20 of 100 bytes failed: Only part of a ReadProcessMemory or WriteProcessMemory request was completed. (0x12B)
[0703/172943.357:ERROR:process_memory_win.cc(73)] ReadMemory at 0x54a590 of 66 bytes failed: Only part of a ReadProcessMemory or WriteProcessMemory request was completed. (0x12B)
[0703/172943.357:ERROR:process_memory_win.cc(73)] ReadMemory at 0x54a5e0 of 58 bytes failed: Only part of a ReadProcessMemory or WriteProcessMemory request was completed. (0x12B)
[0703/172943.357:ERROR:process_memory_win.cc(73)] ReadMemory at 0x54a630 of 62 bytes failed: Only part of a ReadProcessMemory or WriteProcessMemory request was completed. (0x12B)
[0703/172943.358:ERROR:process_memory_win.cc(73)] ReadMemory at 0x54a770 of 60 bytes failed: Only part of a ReadProcessMemory or WriteProcessMemory request was completed. (0x12B)
[0703/172943.358:ERROR:process_memory_win.cc(73)] ReadMemory at 0x552580 of 208 bytes failed: Only part of a ReadProcessMemory or WriteProcessMemory request was completed. (0x12B)
[0703/172943.358:ERROR:process_memory_win.cc(73)] ReadMemory at 0x563590 of 592 bytes failed: Only part of a ReadProcessMemory or WriteProcessMemory request was completed. (0x12B)
[0703/172943.358:ERROR:process_memory_win.cc(73)] ReadMemory at 0x565780 of 116 bytes failed: Only part of a ReadProcessMemory or WriteProcessMemory request was completed. (0x12B)
[0703/172943.358:ERROR:process_memory_win.cc(73)] ReadMemory at 0x565800 of 106 bytes failed: Only part of a ReadProcessMemory or WriteProcessMemory request was completed. (0x12B)
[0703/172943.358:ERROR:process_memory_win.cc(73)] ReadMemory at 0x565880 of 106 bytes failed: Only part of a ReadProcessMemory or WriteProcessMemory request was completed. (0x12B)
[0703/172943.358:ERROR:process_memory_win.cc(73)] ReadMemory at 0x566900 of 110 bytes failed: Only part of a ReadProcessMemory or WriteProcessMemory request was completed. (0x12B)
[0703/172943.358:ERROR:process_memory_win.cc(73)] ReadMemory at 0x566980 of 118 bytes failed: Only part of a ReadProcessMemory or WriteProcessMemory request was completed. (0x12B)
[0703/172943.358:ERROR:process_memory_win.cc(73)] ReadMemory at 0x566a00 of 104 bytes failed: Only part of a ReadProcessMemory or WriteProcessMemory request was completed. (0x12B)
[0703/172943.358:ERROR:process_memory_win.cc(73)] ReadMemory at 0x566a80 of 106 bytes failed: Only part of a ReadProcessMemory or WriteProcessMemory request was completed. (0x12B)
[0703/172943.358:ERROR:process_memory_win.cc(73)] ReadMemory at 0x566b00 of 104 bytes failed: Only part of a ReadProcessMemory or WriteProcessMemory request was completed. (0x12B)
[0703/172943.358:ERROR:process_memory_win.cc(73)] ReadMemory at 0x566b80 of 110 bytes failed: Only part of a ReadProcessMemory or WriteProcessMemory request was completed. (0x12B)
[0703/172943.358:ERROR:process_memory_win.cc(73)] ReadMemory at 0x566c00 of 112 bytes failed: Only part of a ReadProcessMemory or WriteProcessMemory request was completed. (0x12B)
[0703/172943.358:ERROR:process_memory_win.cc(73)] ReadMemory at 0x566c80 of 114 bytes failed: Only part of a ReadProcessMemory or WriteProcessMemory request was completed. (0x12B)
[0703/172943.358:ERROR:process_memory_win.cc(73)] ReadMemory at 0x566d00 of 106 bytes failed: Only part of a ReadProcessMemory or WriteProcessMemory request was completed. (0x12B)
[0703/172943.358:ERROR:process_memory_win.cc(73)] ReadMemory at 0x566d80 of 116 bytes failed: Only part of a ReadProcessMemory or WriteProcessMemory request was completed. (0x12B)
[0703/172943.358:ERROR:process_memory_win.cc(73)] ReadMemory at 0x566e00 of 114 bytes failed: Only part of a ReadProcessMemory or WriteProcessMemory request was completed. (0x12B)
[0703/172943.358:ERROR:process_memory_win.cc(73)] ReadMemory at 0x566e80 of 118 bytes failed: Only part of a ReadProcessMemory or WriteProcessMemory request was completed. (0x12B)
[0703/172943.358:ERROR:process_memory_win.cc(73)] ReadMemory at 0x566f00 of 116 bytes failed: Only part of a ReadProcessMemory or WriteProcessMemory request was completed. (0x12B)
[0703/172943.358:ERROR:process_memory_win.cc(73)] ReadMemory at 0x566f80 of 118 bytes failed: Only part of a ReadProcessMemory or WriteProcessMemory request was completed. (0x12B)
[0703/172943.359:ERROR:process_memory_win.cc(73)] ReadMemory at 0x56e830 of 54 bytes failed: Only part of a ReadProcessMemory or WriteProcessMemory request was completed. (0x12B)
[0703/172943.359:ERROR:process_memory_win.cc(73)] ReadMemory at 0x56ed20 of 200 bytes failed: Only part of a ReadProcessMemory or WriteProcessMemory request was completed. (0x12B)
[0703/172943.359:ERROR:process_memory_win.cc(73)] ReadMemory at 0x56fa40 of 208 bytes failed: Only part of a ReadProcessMemory or WriteProcessMemory request was completed. (0x12B)
[0703/172943.359:ERROR:process_memory_win.cc(73)] ReadMemory at 0x570658 of 512 bytes failed: Only part of a ReadProcessMemory or WriteProcessMemory request was completed. (0x12B)
[0703/172943.359:ERROR:process_memory_win.cc(73)] ReadMemory at 0x571220 of 250 bytes failed: Only part of a ReadProcessMemory or WriteProcessMemory request was completed. (0x12B)
[0703/172943.359:ERROR:process_memory_win.cc(73)] ReadMemory at 0x572350 of 60 bytes failed: Only part of a ReadProcessMemory or WriteProcessMemory request was completed. (0x12B)
[0703/172943.359:ERROR:process_memory_win.cc(73)] ReadMemory at 0x5723a0 of 64 bytes failed: Only part of a ReadProcessMemory or WriteProcessMemory request was completed. (0x12B)
[0703/172943.359:ERROR:process_memory_win.cc(73)] ReadMemory at 0x5723f0 of 60 bytes failed: Only part of a ReadProcessMemory or WriteProcessMemory request was completed. (0x12B)
[0703/172943.359:ERROR:process_memory_win.cc(73)] ReadMemory at 0x572440 of 64 bytes failed: Only part of a ReadProcessMemory or WriteProcessMemory request was completed. (0x12B)
[0703/172943.359:ERROR:process_memory_win.cc(73)] ReadMemory at 0x572490 of 56 bytes failed: Only part of a ReadProcessMemory or WriteProcessMemory request was completed. (0x12B)
[0703/172943.359:ERROR:process_memory_win.cc(73)] ReadMemory at 0x5724e0 of 60 bytes failed: Only part of a ReadProcessMemory or WriteProcessMemory request was completed. (0x12B)
[0703/172943.359:ERROR:process_memory_win.cc(73)] ReadMemory at 0x572530 of 58 bytes failed: Only part of a ReadProcessMemory or WriteProcessMemory request was completed. (0x12B)
[0703/172943.359:ERROR:process_memory_win.cc(73)] ReadMemory at 0x572580 of 62 bytes failed: Only part of a ReadProcessMemory or WriteProcessMemory request was completed. (0x12B)
[0703/172943.359:ERROR:process_memory_win.cc(73)] ReadMemory at 0x5725d0 of 62 bytes failed: Only part of a ReadProcessMemory or WriteProcessMemory request was completed. (0x12B)
[0703/172943.359:ERROR:process_memory_win.cc(73)] ReadMemory at 0x572620 of 62 bytes failed: Only part of a ReadProcessMemory or WriteProcessMemory request was completed. (0x12B)
[0703/172943.359:ERROR:process_memory_win.cc(73)] ReadMemory at 0x572c60 of 120 bytes failed: Only part of a ReadProcessMemory or WriteProcessMemory request was completed. (0x12B)
[0703/172943.359:ERROR:process_memory_win.cc(73)] ReadMemory at 0x572e10 of 128 bytes failed: Only part of a ReadProcessMemory or WriteProcessMemory request was completed. (0x12B)
[0703/172943.359:ERROR:process_memory_win.cc(73)] ReadMemory at 0x572ea0 of 120 bytes failed: Only part of a ReadProcessMemory or WriteProcessMemory request was completed. (0x12B)
[0703/172943.359:ERROR:process_memory_win.cc(73)] ReadMemory at 0x572f30 of 122 bytes failed: Only part of a ReadProcessMemory or WriteProcessMemory request was completed. (0x12B)
[0703/172943.359:ERROR:process_memory_win.cc(73)] ReadMemory at 0x572fc0 of 124 bytes failed: Only part of a ReadProcessMemory or WriteProcessMemory request was completed. (0x12B)
[0703/172943.360:ERROR:process_memory_win.cc(73)] ReadMemory at 0x573050 of 120 bytes failed: Only part of a ReadProcessMemory or WriteProcessMemory request was completed. (0x12B)
[0703/172943.360:ERROR:process_memory_win.cc(73)] ReadMemory at 0x5730e0 of 120 bytes failed: Only part of a ReadProcessMemory or WriteProcessMemory request was completed. (0x12B)
[0703/172943.360:ERROR:process_memory_win.cc(73)] ReadMemory at 0x573320 of 124 bytes failed: Only part of a ReadProcessMemory or WriteProcessMemory request was completed. (0x12B)
[0703/172943.360:ERROR:process_memory_win.cc(73)] ReadMemory at 0x57c280 of 166 bytes failed: Only part of a ReadProcessMemory or WriteProcessMemory request was completed. (0x12B)
[0703/172943.360:ERROR:process_memory_win.cc(73)] ReadMemory at 0x5823f0 of 80 bytes failed: Only part of a ReadProcessMemory or WriteProcessMemory request was completed. (0x12B)
[0703/172943.360:ERROR:process_memory_win.cc(73)] ReadMemory at 0x589a50 of 272 bytes failed: Only part of a ReadProcessMemory or WriteProcessMemory request was completed. (0x12B)
[0703/172943.360:ERROR:process_memory_win.cc(73)] ReadMemory at 0x58c280 of 132 bytes failed: Only part of a ReadProcessMemory or WriteProcessMemory request was completed. (0x12B)
[0703/172943.360:ERROR:process_memory_win.cc(73)] ReadMemory at 0x58c370 of 132 bytes failed: Only part of a ReadProcessMemory or WriteProcessMemory request was completed. (0x12B)
[0703/172943.360:ERROR:process_memory_win.cc(73)] ReadMemory at 0x58c460 of 132 bytes failed: Only part of a ReadProcessMemory or WriteProcessMemory request was completed. (0x12B)
[0703/172943.360:ERROR:process_memory_win.cc(73)] ReadMemory at 0x58c550 of 132 bytes failed: Only part of a ReadProcessMemory or WriteProcessMemory request was completed. (0x12B)
[0703/172943.360:ERROR:process_memory_win.cc(73)] ReadMemory at 0x58c640 of 132 bytes failed: Only part of a ReadProcessMemory or WriteProcessMemory request was completed. (0x12B)
[0703/172943.360:ERROR:process_memory_win.cc(73)] ReadMemory at 0x58c730 of 132 bytes failed: Only part of a ReadProcessMemory or WriteProcessMemory request was completed. (0x12B)
[0703/172943.360:ERROR:process_memory_win.cc(73)] ReadMemory at 0x58c820 of 132 bytes failed: Only part of a ReadProcessMemory or WriteProcessMemory request was completed. (0x12B)
[0703/172943.360:ERROR:process_memory_win.cc(73)] ReadMemory at 0x58c910 of 132 bytes failed: Only part of a ReadProcessMemory or WriteProcessMemory request was completed. (0x12B)
[0703/172943.360:ERROR:process_memory_win.cc(73)] ReadMemory at 0x58ca00 of 132 bytes failed: Only part of a ReadProcessMemory or WriteProcessMemory request was completed. (0x12B)
[0703/172943.360:ERROR:process_memory_win.cc(73)] ReadMemory at 0x58caf0 of 132 bytes failed: Only part of a ReadProcessMemory or WriteProcessMemory request was completed. (0x12B)
[0703/172943.360:ERROR:process_memory_win.cc(73)] ReadMemory at 0x58cbe0 of 132 bytes failed: Only part of a ReadProcessMemory or WriteProcessMemory request was completed. (0x12B)
[0703/172943.360:ERROR:process_memory_win.cc(73)] ReadMemory at 0x58ccd0 of 132 bytes failed: Only part of a ReadProcessMemory or WriteProcessMemory request was completed. (0x12B)
[0703/172943.360:ERROR:process_memory_win.cc(73)] ReadMemory at 0x58cdc0 of 132 bytes failed: Only part of a ReadProcessMemory or WriteProcessMemory request was completed. (0x12B)
[0703/172943.361:ERROR:process_memory_win.cc(73)] ReadMemory at 0x58ceb0 of 132 bytes failed: Only part of a ReadProcessMemory or WriteProcessMemory request was completed. (0x12B)
[0703/172943.361:ERROR:process_memory_win.cc(73)] ReadMemory at 0x58cfa0 of 132 bytes failed: Only part of a ReadProcessMemory or WriteProcessMemory request was completed. (0x12B)
[0703/172943.361:ERROR:process_memory_win.cc(73)] ReadMemory at 0x58d090 of 132 bytes failed: Only part of a ReadProcessMemory or WriteProcessMemory request was completed. (0x12B)
[0703/172943.361:ERROR:process_memory_win.cc(73)] ReadMemory at 0x58d180 of 132 bytes failed: Only part of a ReadProcessMemory or WriteProcessMemory request was completed. (0x12B)
[0703/172943.361:ERROR:process_memory_win.cc(73)] ReadMemory at 0x58d270 of 132 bytes failed: Only part of a ReadProcessMemory or WriteProcessMemory request was completed. (0x12B)
[0703/172943.361:ERROR:process_memory_win.cc(73)] ReadMemory at 0x58d360 of 132 bytes failed: Only part of a ReadProcessMemory or WriteProcessMemory request was completed. (0x12B)
[0703/172943.361:ERROR:process_memory_win.cc(73)] ReadMemory at 0x58d450 of 132 bytes failed: Only part of a ReadProcessMemory or WriteProcessMemory request was completed. (0x12B)
[0703/172943.361:ERROR:process_memory_win.cc(73)] ReadMemory at 0x58d540 of 132 bytes failed: Only part of a ReadProcessMemory or WriteProcessMemory request was completed. (0x12B)
[0703/172943.361:ERROR:process_memory_win.cc(73)] ReadMemory at 0x58d630 of 132 bytes failed: Only part of a ReadProcessMemory or WriteProcessMemory request was completed. (0x12B)
[0703/172943.361:ERROR:process_memory_win.cc(73)] ReadMemory at 0x58d720 of 132 bytes failed: Only part of a ReadProcessMemory or WriteProcessMemory request was completed. (0x12B)
[0703/172943.361:ERROR:process_memory_win.cc(73)] ReadMemory at 0x58d810 of 132 bytes failed: Only part of a ReadProcessMemory or WriteProcessMemory request was completed. (0x12B)
[0703/172943.361:ERROR:process_memory_win.cc(73)] ReadMemory at 0x58d900 of 132 bytes failed: Only part of a ReadProcessMemory or WriteProcessMemory request was completed. (0x12B)
[0703/172943.361:ERROR:process_memory_win.cc(73)] ReadMemory at 0x58d9f0 of 132 bytes failed: Only part of a ReadProcessMemory or WriteProcessMemory request was completed. (0x12B)
[0703/172943.361:ERROR:process_memory_win.cc(73)] ReadMemory at 0x58dae0 of 132 bytes failed: Only part of a ReadProcessMemory or WriteProcessMemory request was completed. (0x12B)
[0703/172943.361:ERROR:process_memory_win.cc(73)] ReadMemory at 0x58dbd0 of 132 bytes failed: Only part of a ReadProcessMemory or WriteProcessMemory request was completed. (0x12B)
[0703/172943.361:ERROR:process_memory_win.cc(73)] ReadMemory at 0x58dcc0 of 132 bytes failed: Only part of a ReadProcessMemory or WriteProcessMemory request was completed. (0x12B)
[0703/172943.361:ERROR:process_memory_win.cc(73)] ReadMemory at 0x58ddb0 of 132 bytes failed: Only part of a ReadProcessMemory or WriteProcessMemory request was completed. (0x12B)
[0703/172943.362:ERROR:process_memory_win.cc(73)] ReadMemory at 0x58dea0 of 132 bytes failed: Only part of a ReadProcessMemory or WriteProcessMemory request was completed. (0x12B)
[0703/172943.362:ERROR:process_memory_win.cc(73)] ReadMemory at 0x58df90 of 132 bytes failed: Only part of a ReadProcessMemory or WriteProcessMemory request was completed. (0x12B)
[0703/172943.362:ERROR:process_memory_win.cc(73)] ReadMemory at 0x58e990 of 132 bytes failed: Only part of a ReadProcessMemory or WriteProcessMemory request was completed. (0x12B)
[0703/172943.362:ERROR:process_memory_win.cc(73)] ReadMemory at 0x58ea80 of 132 bytes failed: Only part of a ReadProcessMemory or WriteProcessMemory request was completed. (0x12B)
[0703/172943.362:ERROR:process_memory_win.cc(73)] ReadMemory at 0x58eb70 of 132 bytes failed: Only part of a ReadProcessMemory or WriteProcessMemory request was completed. (0x12B)
[0703/172943.362:ERROR:process_memory_win.cc(73)] ReadMemory at 0x58ec60 of 132 bytes failed: Only part of a ReadProcessMemory or WriteProcessMemory request was completed. (0x12B)
[0703/172943.362:ERROR:process_memory_win.cc(73)] ReadMemory at 0x58ed50 of 132 bytes failed: Only part of a ReadProcessMemory or WriteProcessMemory request was completed. (0x12B)
[0703/172943.362:ERROR:process_memory_win.cc(73)] ReadMemory at 0x58ee40 of 132 bytes failed: Only part of a ReadProcessMemory or WriteProcessMemory request was completed. (0x12B)
[0703/172943.362:ERROR:process_memory_win.cc(73)] ReadMemory at 0x58ef30 of 132 bytes failed: Only part of a ReadProcessMemory or WriteProcessMemory request was completed. (0x12B)
[0703/172943.362:ERROR:process_memory_win.cc(73)] ReadMemory at 0x58f020 of 132 bytes failed: Only part of a ReadProcessMemory or WriteProcessMemory request was completed. (0x12B)
[0703/172943.362:ERROR:process_memory_win.cc(73)] ReadMemory at 0x58f110 of 132 bytes failed: Only part of a ReadProcessMemory or WriteProcessMemory request was completed. (0x12B)
[0703/172943.362:ERROR:process_memory_win.cc(73)] ReadMemory at 0x58f200 of 132 bytes failed: Only part of a ReadProcessMemory or WriteProcessMemory request was completed. (0x12B)
[0703/172943.362:ERROR:process_memory_win.cc(73)] ReadMemory at 0x58f2f0 of 132 bytes failed: Only part of a ReadProcessMemory or WriteProcessMemory request was completed. (0x12B)
[0703/172943.362:ERROR:process_memory_win.cc(73)] ReadMemory at 0x58f3e0 of 132 bytes failed: Only part of a ReadProcessMemory or WriteProcessMemory request was completed. (0x12B)
[0703/172943.362:ERROR:process_memory_win.cc(73)] ReadMemory at 0x58f4d0 of 132 bytes failed: Only part of a ReadProcessMemory or WriteProcessMemory request was completed. (0x12B)
[0703/172943.362:ERROR:process_memory_win.cc(73)] ReadMemory at 0x58f5c0 of 132 bytes failed: Only part of a ReadProcessMemory or WriteProcessMemory request was completed. (0x12B)
[0703/172943.362:ERROR:process_memory_win.cc(73)] ReadMemory at 0x58f6b0 of 132 bytes failed: Only part of a ReadProcessMemory or WriteProcessMemory request was completed. (0x12B)
[0703/172943.363:ERROR:process_memory_win.cc(73)] ReadMemory at 0x58f7a0 of 132 bytes failed: Only part of a ReadProcessMemory or WriteProcessMemory request was completed. (0x12B)
[0703/172943.363:ERROR:process_memory_win.cc(73)] ReadMemory at 0x58f890 of 132 bytes failed: Only part of a ReadProcessMemory or WriteProcessMemory request was completed. (0x12B)
[0703/172943.363:ERROR:process_memory_win.cc(73)] ReadMemory at 0x58f980 of 132 bytes failed: Only part of a ReadProcessMemory or WriteProcessMemory request was completed. (0x12B)
[0703/172943.363:ERROR:process_memory_win.cc(73)] ReadMemory at 0x58fa70 of 132 bytes failed: Only part of a ReadProcessMemory or WriteProcessMemory request was completed. (0x12B)
[0703/172943.363:ERROR:process_memory_win.cc(73)] ReadMemory at 0x58fb60 of 132 bytes failed: Only part of a ReadProcessMemory or WriteProcessMemory request was completed. (0x12B)
[0703/172943.363:ERROR:process_memory_win.cc(73)] ReadMemory at 0x58fc50 of 132 bytes failed: Only part of a ReadProcessMemory or WriteProcessMemory request was completed. (0x12B)
[0703/172943.363:ERROR:process_memory_win.cc(73)] ReadMemory at 0x58fd40 of 132 bytes failed: Only part of a ReadProcessMemory or WriteProcessMemory request was completed. (0x12B)
[0703/172943.363:ERROR:process_memory_win.cc(73)] ReadMemory at 0x58fe30 of 132 bytes failed: Only part of a ReadProcessMemory or WriteProcessMemory request was completed. (0x12B)
[0703/172943.363:ERROR:process_memory_win.cc(73)] ReadMemory at 0x58ff20 of 132 bytes failed: Only part of a ReadProcessMemory or WriteProcessMemory request was completed. (0x12B)
[0703/172943.363:ERROR:process_memory_win.cc(73)] ReadMemory at 0x590010 of 132 bytes failed: Only part of a ReadProcessMemory or WriteProcessMemory request was completed. (0x12B)
[0703/172943.363:ERROR:process_memory_win.cc(73)] ReadMemory at 0x590100 of 132 bytes failed: Only part of a ReadProcessMemory or WriteProcessMemory request was completed. (0x12B)
[0703/172943.363:ERROR:process_memory_win.cc(73)] ReadMemory at 0x5901f0 of 132 bytes failed: Only part of a ReadProcessMemory or WriteProcessMemory request was completed. (0x12B)
[0703/172943.363:ERROR:process_memory_win.cc(73)] ReadMemory at 0x5902e0 of 132 bytes failed: Only part of a ReadProcessMemory or WriteProcessMemory request was completed. (0x12B)
[0703/172943.363:ERROR:process_memory_win.cc(73)] ReadMemory at 0x5903d0 of 132 bytes failed: Only part of a ReadProcessMemory or WriteProcessMemory request was completed. (0x12B)
[0703/172943.364:ERROR:process_memory_win.cc(73)] ReadMemory at 0x5904c0 of 132 bytes failed: Only part of a ReadProcessMemory or WriteProcessMemory request was completed. (0x12B)
[0703/172943.364:ERROR:process_memory_win.cc(73)] ReadMemory at 0x5905b0 of 132 bytes failed: Only part of a ReadProcessMemory or WriteProcessMemory request was completed. (0x12B)
[0703/172943.364:ERROR:process_memory_win.cc(73)] ReadMemory at 0x5906a0 of 132 bytes failed: Only part of a ReadProcessMemory or WriteProcessMemory request was completed. (0x12B)
[0703/172943.364:ERROR:process_memory_win.cc(73)] ReadMemory at 0x590790 of 132 bytes failed: Only part of a ReadProcessMemory or WriteProcessMemory request was completed. (0x12B)
[0703/172943.364:ERROR:process_memory_win.cc(73)] ReadMemory at 0x590990 of 64 bytes failed: Only part of a ReadProcessMemory or WriteProcessMemory request was completed. (0x12B)
[0703/172943.364:ERROR:process_memory_win.cc(73)] ReadMemory at 0x5909e0 of 64 bytes failed: Only part of a ReadProcessMemory or WriteProcessMemory request was completed. (0x12B)
[0703/172943.364:ERROR:process_memory_win.cc(73)] ReadMemory at 0x590a30 of 60 bytes failed: Only part of a ReadProcessMemory or WriteProcessMemory request was completed. (0x12B)
[0703/172943.364:ERROR:process_memory_win.cc(73)] ReadMemory at 0x590a80 of 60 bytes failed: Only part of a ReadProcessMemory or WriteProcessMemory request was completed. (0x12B)
[0703/172943.364:ERROR:process_memory_win.cc(73)] ReadMemory at 0x590ad0 of 60 bytes failed: Only part of a ReadProcessMemory or WriteProcessMemory request was completed. (0x12B)
[0703/172943.364:ERROR:process_memory_win.cc(73)] ReadMemory at 0x590b20 of 62 bytes failed: Only part of a ReadProcessMemory or WriteProcessMemory request was completed. (0x12B)
[0703/172943.364:ERROR:process_memory_win.cc(73)] ReadMemory at 0x590b70 of 64 bytes failed: Only part of a ReadProcessMemory or WriteProcessMemory request was completed. (0x12B)
[0703/172943.364:ERROR:process_memory_win.cc(73)] ReadMemory at 0x590bc0 of 62 bytes failed: Only part of a ReadProcessMemory or WriteProcessMemory request was completed. (0x12B)
[0703/172943.364:ERROR:process_memory_win.cc(73)] ReadMemory at 0x590c10 of 60 bytes failed: Only part of a ReadProcessMemory or WriteProcessMemory request was completed. (0x12B)
[0703/172943.365:ERROR:process_memory_win.cc(73)] ReadMemory at 0x590c60 of 60 bytes failed: Only part of a ReadProcessMemory or WriteProcessMemory request was completed. (0x12B)
[0703/172943.365:ERROR:process_memory_win.cc(73)] ReadMemory at 0x590cb0 of 58 bytes failed: Only part of a ReadProcessMemory or WriteProcessMemory request was completed. (0x12B)
[0703/172943.365:ERROR:process_memory_win.cc(73)] ReadMemory at 0x590d50 of 64 bytes failed: Only part of a ReadProcessMemory or WriteProcessMemory request was completed. (0x12B)
[0703/172943.365:ERROR:process_memory_win.cc(73)] ReadMemory at 0x590df0 of 62 bytes failed: Only part of a ReadProcessMemory or WriteProcessMemory request was completed. (0x12B)
[0703/172943.365:ERROR:process_memory_win.cc(73)] ReadMemory at 0x590e40 of 60 bytes failed: Only part of a ReadProcessMemory or WriteProcessMemory request was completed. (0x12B)
[0703/172943.365:ERROR:process_memory_win.cc(73)] ReadMemory at 0x590e90 of 64 bytes failed: Only part of a ReadProcessMemory or WriteProcessMemory request was completed. (0x12B)
[0703/172943.365:ERROR:process_memory_win.cc(73)] ReadMemory at 0x590ee0 of 62 bytes failed: Only part of a ReadProcessMemory or WriteProcessMemory request was completed. (0x12B)
[0703/172943.365:ERROR:process_memory_win.cc(73)] ReadMemory at 0x590f30 of 62 bytes failed: Only part of a ReadProcessMemory or WriteProcessMemory request was completed. (0x12B)
[0703/172943.365:ERROR:process_memory_win.cc(73)] ReadMemory at 0x590f80 of 64 bytes failed: Only part of a ReadProcessMemory or WriteProcessMemory request was completed. (0x12B)
[0703/172943.365:ERROR:process_memory_win.cc(73)] ReadMemory at 0x590fd0 of 56 bytes failed: Only part of a ReadProcessMemory or WriteProcessMemory request was completed. (0x12B)
[0703/172943.366:ERROR:process_memory_win.cc(73)] ReadMemory at 0x591020 of 62 bytes failed: Only part of a ReadProcessMemory or WriteProcessMemory request was completed. (0x12B)
[0703/172943.366:ERROR:process_memory_win.cc(73)] ReadMemory at 0x591070 of 58 bytes failed: Only part of a ReadProcessMemory or WriteProcessMemory request was completed. (0x12B)
[0703/172943.366:ERROR:process_memory_win.cc(73)] ReadMemory at 0x5910c0 of 58 bytes failed: Only part of a ReadProcessMemory or WriteProcessMemory request was completed. (0x12B)
[0703/172943.366:ERROR:process_memory_win.cc(73)] ReadMemory at 0x591110 of 60 bytes failed: Only part of a ReadProcessMemory or WriteProcessMemory request was completed. (0x12B)
[0703/172943.366:ERROR:process_memory_win.cc(73)] ReadMemory at 0x591160 of 60 bytes failed: Only part of a ReadProcessMemory or WriteProcessMemory request was completed. (0x12B)
[0703/172943.366:ERROR:process_memory_win.cc(73)] ReadMemory at 0x5911b0 of 64 bytes failed: Only part of a ReadProcessMemory or WriteProcessMemory request was completed. (0x12B)
[0703/172943.366:ERROR:process_memory_win.cc(73)] ReadMemory at 0x591200 of 64 bytes failed: Only part of a ReadProcessMemory or WriteProcessMemory request was completed. (0x12B)
[0703/172943.366:ERROR:process_memory_win.cc(73)] ReadMemory at 0x5912a0 of 62 bytes failed: Only part of a ReadProcessMemory or WriteProcessMemory request was completed. (0x12B)
[0703/172943.366:ERROR:process_memory_win.cc(73)] ReadMemory at 0x5912f0 of 60 bytes failed: Only part of a ReadProcessMemory or WriteProcessMemory request was completed. (0x12B)
[0703/172943.366:ERROR:process_memory_win.cc(73)] ReadMemory at 0x591340 of 60 bytes failed: Only part of a ReadProcessMemory or WriteProcessMemory request was completed. (0x12B)
[0703/172943.366:ERROR:process_memory_win.cc(73)] ReadMemory at 0x591390 of 62 bytes failed: Only part of a ReadProcessMemory or WriteProcessMemory request was completed. (0x12B)
[0703/172943.366:ERROR:process_memory_win.cc(73)] ReadMemory at 0x5913e0 of 58 bytes failed: Only part of a ReadProcessMemory or WriteProcessMemory request was completed. (0x12B)
[0703/172943.367:ERROR:process_memory_win.cc(73)] ReadMemory at 0x591430 of 62 bytes failed: Only part of a ReadProcessMemory or WriteProcessMemory request was completed. (0x12B)
[0703/172943.367:ERROR:process_memory_win.cc(73)] ReadMemory at 0x591480 of 64 bytes failed: Only part of a ReadProcessMemory or WriteProcessMemory request was completed. (0x12B)
[0703/172943.367:ERROR:process_memory_win.cc(73)] ReadMemory at 0x5914d0 of 58 bytes failed: Only part of a ReadProcessMemory or WriteProcessMemory request was completed. (0x12B)
[0703/172943.367:ERROR:process_memory_win.cc(73)] ReadMemory at 0x592990 of 54 bytes failed: Only part of a ReadProcessMemory or WriteProcessMemory request was completed. (0x12B)
[0703/172943.367:ERROR:process_memory_win.cc(73)] ReadMemory at 0x594990 of 132 bytes failed: Only part of a ReadProcessMemory or WriteProcessMemory request was completed. (0x12B)
[0703/172943.367:ERROR:process_memory_win.cc(73)] ReadMemory at 0x594a80 of 132 bytes failed: Only part of a ReadProcessMemory or WriteProcessMemory request was completed. (0x12B)
[0703/172943.367:ERROR:process_memory_win.cc(73)] ReadMemory at 0x594b70 of 132 bytes failed: Only part of a ReadProcessMemory or WriteProcessMemory request was completed. (0x12B)
[0703/172943.367:ERROR:process_memory_win.cc(73)] ReadMemory at 0x594c60 of 132 bytes failed: Only part of a ReadProcessMemory or WriteProcessMemory request was completed. (0x12B)
[0703/172943.367:ERROR:process_memory_win.cc(73)] ReadMemory at 0x594d50 of 132 bytes failed: Only part of a ReadProcessMemory or WriteProcessMemory request was completed. (0x12B)
[0703/172943.367:ERROR:process_memory_win.cc(73)] ReadMemory at 0x594e40 of 132 bytes failed: Only part of a ReadProcessMemory or WriteProcessMemory request was completed. (0x12B)
[0703/172943.367:ERROR:process_memory_win.cc(73)] ReadMemory at 0x594f30 of 132 bytes failed: Only part of a ReadProcessMemory or WriteProcessMemory request was completed. (0x12B)
[0703/172943.367:ERROR:process_memory_win.cc(73)] ReadMemory at 0x595020 of 132 bytes failed: Only part of a ReadProcessMemory or WriteProcessMemory request was completed. (0x12B)
[0703/172943.367:ERROR:process_memory_win.cc(73)] ReadMemory at 0x595110 of 132 bytes failed: Only part of a ReadProcessMemory or WriteProcessMemory request was completed. (0x12B)
[0703/172943.368:ERROR:process_memory_win.cc(73)] ReadMemory at 0x595200 of 132 bytes failed: Only part of a ReadProcessMemory or WriteProcessMemory request was completed. (0x12B)
[0703/172943.368:ERROR:process_memory_win.cc(73)] ReadMemory at 0x5952f0 of 132 bytes failed: Only part of a ReadProcessMemory or WriteProcessMemory request was completed. (0x12B)
[0703/172943.368:ERROR:process_memory_win.cc(73)] ReadMemory at 0x5953e0 of 132 bytes failed: Only part of a ReadProcessMemory or WriteProcessMemory request was completed. (0x12B)
[0703/172943.368:ERROR:process_memory_win.cc(73)] ReadMemory at 0x5954d0 of 132 bytes failed: Only part of a ReadProcessMemory or WriteProcessMemory request was completed. (0x12B)
[0703/172943.368:ERROR:process_memory_win.cc(73)] ReadMemory at 0x5955c0 of 132 bytes failed: Only part of a ReadProcessMemory or WriteProcessMemory request was completed. (0x12B)
[0703/172943.368:ERROR:process_memory_win.cc(73)] ReadMemory at 0x5956b0 of 132 bytes failed: Only part of a ReadProcessMemory or WriteProcessMemory request was completed. (0x12B)
[0703/172943.368:ERROR:process_memory_win.cc(73)] ReadMemory at 0x595810 of 512 bytes failed: Only part of a ReadProcessMemory or WriteProcessMemory request was completed. (0x12B)
[0703/172943.368:ERROR:process_memory_win.cc(73)] ReadMemory at 0x5962e0 of 132 bytes failed: Only part of a ReadProcessMemory or WriteProcessMemory request was completed. (0x12B)
[0703/172943.368:ERROR:process_memory_win.cc(73)] ReadMemory at 0x596790 of 132 bytes failed: Only part of a ReadProcessMemory or WriteProcessMemory request was completed. (0x12B)
[0703/172943.368:ERROR:process_memory_win.cc(73)] ReadMemory at 0x235d560 of 248 bytes failed: Only part of a ReadProcessMemory or WriteProcessMemory request was completed. (0x12B)
[0703/172943.368:ERROR:process_memory_win.cc(73)] ReadMemory at 0x2371aa0 of 256 bytes failed: Only part of a ReadProcessMemory or WriteProcessMemory request was completed. (0x12B)
[0703/172943.368:ERROR:process_memory_win.cc(73)] ReadMemory at 0x2371cc0 of 252 bytes failed: Only part of a ReadProcessMemory or WriteProcessMemory request was completed. (0x12B)
[0703/172943.368:ERROR:process_memory_win.cc(73)] ReadMemory at 0x2377698 of 512 bytes failed: Only part of a ReadProcessMemory or WriteProcessMemory request was completed. (0x12B)
[0703/172943.368:ERROR:process_memory_win.cc(73)] ReadMemory at 0x23c7b80 of 512 bytes failed: Only part of a ReadProcessMemory or WriteProcessMemory request was completed. (0x12B)
[0703/172943.369:ERROR:process_memory_win.cc(73)] ReadMemory at 0x23ccff0 of 512 bytes failed: Only part of a ReadProcessMemory or WriteProcessMemory request was completed. (0x12B)
[0703/172943.369:ERROR:process_memory_win.cc(73)] ReadMemory at 0x23d0ad0 of 512 bytes failed: Only part of a ReadProcessMemory or WriteProcessMemory request was completed. (0x12B)
[0703/172943.369:ERROR:process_memory_win.cc(73)] ReadMemory at 0x23e0630 of 712 bytes failed: Only part of a ReadProcessMemory or WriteProcessMemory request was completed. (0x12B)
[0703/172943.369:ERROR:process_memory_win.cc(73)] ReadMemory at 0x23fc860 of 512 bytes failed: Only part of a ReadProcessMemory or WriteProcessMemory request was completed. (0x12B)
[0703/172943.369:ERROR:process_memory_win.cc(73)] ReadMemory at 0x2408450 of 512 bytes failed: Only part of a ReadProcessMemory or WriteProcessMemory request was completed. (0x12B)
[0703/172943.369:ERROR:process_memory_win.cc(73)] ReadMemory at 0x240f610 of 512 bytes failed: Only part of a ReadProcessMemory or WriteProcessMemory request was completed. (0x12B)
[0703/172943.369:ERROR:process_memory_win.cc(73)] ReadMemory at 0x241a598 of 512 bytes failed: Only part of a ReadProcessMemory or WriteProcessMemory request was completed. (0x12B)
[0703/172943.369:ERROR:process_memory_win.cc(73)] ReadMemory at 0x2433770 of 512 bytes failed: Only part of a ReadProcessMemory or WriteProcessMemory request was completed. (0x12B)
[0703/172943.369:ERROR:process_memory_win.cc(73)] ReadMemory at 0x24415f0 of 992 bytes failed: Only part of a ReadProcessMemory or WriteProcessMemory request was completed. (0x12B)
[0703/172943.369:ERROR:process_memory_win.cc(73)] ReadMemory at 0x28d3ac0 of 512 bytes failed: Only part of a ReadProcessMemory or WriteProcessMemory request was completed. (0x12B)
[0703/172943.369:ERROR:process_memory_win.cc(73)] ReadMemory at 0x1feb2cc0 of 512 bytes failed: Only part of a ReadProcessMemory or WriteProcessMemory request was completed. (0x12B)
[0703/172943.369:ERROR:process_memory_win.cc(73)] ReadMemory at 0x1ff48ab0 of 228 bytes failed: Only part of a ReadProcessMemory or WriteProcessMemory request was completed. (0x12B)
[0703/172943.370:ERROR:process_memory_win.cc(73)] ReadMemory at 0x1ff48c90 of 132 bytes failed: Only part of a ReadProcessMemory or WriteProcessMemory request was completed. (0x12B)
[0703/172943.370:ERROR:process_memory_win.cc(73)] ReadMemory at 0x1ff49230 of 216 bytes failed: Only part of a ReadProcessMemory or WriteProcessMemory request was completed. (0x12B)
[0703/172943.370:ERROR:process_memory_win.cc(73)] ReadMemory at 0x1ff49500 of 132 bytes failed: Only part of a ReadProcessMemory or WriteProcessMemory request was completed. (0x12B)
[0703/172943.370:ERROR:process_memory_win.cc(73)] ReadMemory at 0x1ff497d0 of 132 bytes failed: Only part of a ReadProcessMemory or WriteProcessMemory request was completed. (0x12B)
[0703/172943.370:ERROR:process_memory_win.cc(73)] ReadMemory at 0x1ff499b0 of 132 bytes failed: Only part of a ReadProcessMemory or WriteProcessMemory request was completed. (0x12B)
[0703/172943.379:ERROR:process_memory_win.cc(73)] ReadMemory at 0x1ff4f310 of 274 bytes failed: Only part of a ReadProcessMemory or WriteProcessMemory request was completed. (0x12B)
[0703/172943.379:ERROR:process_memory_win.cc(73)] ReadMemory at 0x222f2330 of 512 bytes failed: Only part of a ReadProcessMemory or WriteProcessMemory request was completed. (0x12B)
[0703/172943.379:ERROR:process_memory_win.cc(73)] ReadMemory at 0x2334dad0 of 512 bytes failed: Only part of a ReadProcessMemory or WriteProcessMemory request was completed. (0x12B)
[0703/172943.379:ERROR:process_memory_win.cc(73)] ReadMemory at 0x7779b228 of 512 bytes failed: Only part of a ReadProcessMemory or WriteProcessMemory request was completed. (0x12B)
[0703/172943.379:ERROR:process_memory_win.cc(73)] ReadMemory at 0x778b7bc8 of 18 bytes failed: Only part of a ReadProcessMemory or WriteProcessMemory request was completed. (0x12B)
[0703/172943.379:ERROR:process_memory_win.cc(73)] ReadMemory at 0x778ba6c8 of 576 bytes failed: Only part of a ReadProcessMemory or WriteProcessMemory request was completed. (0x12B)
[0703/172943.379:ERROR:process_memory_win.cc(73)] ReadMemory at 0x778ba928 of 672 bytes failed: Only part of a ReadProcessMemory or WriteProcessMemory request was completed. (0x12B)
[0703/172943.379:ERROR:process_memory_win.cc(73)] ReadMemory at 0x7791976a of 592 bytes failed: Only part of a ReadProcessMemory or WriteProcessMemory request was completed. (0x12B)
[0703/172943.380:ERROR:process_memory_win.cc(73)] ReadMemory at 0x77919a6a of 512 bytes failed: Only part of a ReadProcessMemory or WriteProcessMemory request was completed. (0x12B)
[0703/172943.380:ERROR:process_memory_win.cc(73)] ReadMemory at 0x77919cda of 512 bytes failed: Only part of a ReadProcessMemory or WriteProcessMemory request was completed. (0x12B)
[0703/172943.380:ERROR:process_memory_win.cc(73)] ReadMemory at 0x7791b01a of 528 bytes failed: Only part of a ReadProcessMemory or WriteProcessMemory request was completed. (0x12B)
[0703/172943.380:ERROR:process_memory_win.cc(73)] ReadMemory at 0x779a9440 of 512 bytes failed: Only part of a ReadProcessMemory or WriteProcessMemory request was completed. (0x12B)
[0703/172943.380:ERROR:process_memory_win.cc(73)] ReadMemory at 0x779d80d8 of 40 bytes failed: Only part of a ReadProcessMemory or WriteProcessMemory request was completed. (0x12B)
[0703/172943.380:ERROR:process_memory_win.cc(73)] ReadMemory at 0x779e2dc0 of 48 bytes failed: Only part of a ReadProcessMemory or WriteProcessMemory request was completed. (0x12B)
[0703/172943.380:ERROR:process_memory_win.cc(73)] ReadMemory at 0x779e2e40 of 64 bytes failed: Only part of a ReadProcessMemory or WriteProcessMemory request was completed. (0x12B)
[0703/172943.380:ERROR:process_memory_win.cc(73)] ReadMemory at 0x7fe9010180c of 512 bytes failed: Only part of a ReadProcessMemory or WriteProcessMemory request was completed. (0x12B)
[0703/172943.380:ERROR:process_memory_win.cc(73)] ReadMemory at 0x7fec61aa1ba of 512 bytes failed: Only part of a ReadProcessMemory or WriteProcessMemory request was completed. (0x12B)
[0703/172943.380:ERROR:process_memory_win.cc(73)] ReadMemory at 0x7feefbe69d5 of 512 bytes failed: Only part of a ReadProcessMemory or WriteProcessMemory request was completed. (0x12B)
[0703/172943.380:ERROR:process_memory_win.cc(73)] ReadMemory at 0x7fefd6bb7fd of 512 bytes failed: Only part of a ReadProcessMemory or WriteProcessMemory request was completed. (0x12B)
[0703/172943.380:ERROR:process_memory_win.cc(73)] ReadMemory at 0x7ffffee4000 of 6024 bytes failed: Only part of a ReadProcessMemory or WriteProcessMemory request was completed. (0x12B)
[0703/172943.380:ERROR:process_memory_win.cc(73)] ReadMemory at 0x7ffffee6000 of 6024 bytes failed: Only part of a ReadProcessMemory or WriteProcessMemory request was completed. (0x12B)
[0703/172943.381:ERROR:process_memory_win.cc(73)] ReadMemory at 0x7ffffee8000 of 6024 bytes failed: Only part of a ReadProcessMemory or WriteProcessMemory request was completed. (0x12B)
[0703/172943.381:ERROR:process_memory_win.cc(73)] ReadMemory at 0x7ffffeea000 of 6024 bytes failed: Only part of a ReadProcessMemory or WriteProcessMemory request was completed. (0x12B)
[0703/172943.381:ERROR:process_memory_win.cc(73)] ReadMemory at 0x7ffffeec000 of 6024 bytes failed: Only part of a ReadProcessMemory or WriteProcessMemory request was completed. (0x12B)
[0703/172943.381:ERROR:process_memory_win.cc(73)] ReadMemory at 0x7ffffeee000 of 6024 bytes failed: Only part of a ReadProcessMemory or WriteProcessMemory request was completed. (0x12B)
[0703/172943.381:ERROR:process_memory_win.cc(73)] ReadMemory at 0x7ffffef0000 of 6024 bytes failed: Only part of a ReadProcessMemory or WriteProcessMemory request was completed. (0x12B)
[0703/172943.381:ERROR:process_memory_win.cc(73)] ReadMemory at 0x7ffffef2000 of 6024 bytes failed: Only part of a ReadProcessMemory or WriteProcessMemory request was completed. (0x12B)
[0703/172943.381:ERROR:process_memory_win.cc(73)] ReadMemory at 0x7ffffef4000 of 6024 bytes failed: Only part of a ReadProcessMemory or WriteProcessMemory request was completed. (0x12B)
[0703/172943.381:ERROR:process_memory_win.cc(73)] ReadMemory at 0x7ffffef6000 of 6024 bytes failed: Only part of a ReadProcessMemory or WriteProcessMemory request was completed. (0x12B)
[0703/172943.381:ERROR:process_memory_win.cc(73)] ReadMemory at 0x7ffffef8000 of 6024 bytes failed: Only part of a ReadProcessMemory or WriteProcessMemory request was completed. (0x12B)
[0703/172943.382:ERROR:process_memory_win.cc(73)] ReadMemory at 0x7ffffefa000 of 6024 bytes failed: Only part of a ReadProcessMemory or WriteProcessMemory request was completed. (0x12B)
[0703/172943.382:ERROR:process_memory_win.cc(73)] ReadMemory at 0x7ffffefe000 of 6024 bytes failed: Only part of a ReadProcessMemory or WriteProcessMemory request was completed. (0x12B)
[0703/172943.382:ERROR:process_memory_win.cc(73)] ReadMemory at 0x7fffffd3000 of 6024 bytes failed: Only part of a ReadProcessMemory or WriteProcessMemory request was completed. (0x12B)
[0703/172943.382:ERROR:process_memory_win.cc(73)] ReadMemory at 0x7fffffd5000 of 6024 bytes failed: Only part of a ReadProcessMemory or WriteProcessMemory request was completed. (0x12B)
[0703/172943.382:ERROR:process_memory_win.cc(73)] ReadMemory at 0x7fffffd7000 of 6024 bytes failed: Only part of a ReadProcessMemory or WriteProcessMemory request was completed. (0x12B)
[0703/172943.382:ERROR:process_memory_win.cc(73)] ReadMemory at 0x7fffffd9000 of 852 bytes failed: Only part of a ReadProcessMemory or WriteProcessMemory request was completed. (0x12B)
[0703/172943.382:ERROR:process_memory_win.cc(73)] ReadMemory at 0x7fffffda000 of 6024 bytes failed: Only part of a ReadProcessMemory or WriteProcessMemory request was completed. (0x12B)
[0703/172943.382:ERROR:process_memory_win.cc(73)] ReadMemory at 0x7fffffdc000 of 6024 bytes failed: Only part of a ReadProcessMemory or WriteProcessMemory request was completed. (0x12B)
[0703/172943.383:ERROR:process_memory_win.cc(73)] ReadMemory at 0x7fffffde000 of 6024 bytes failed: Only part of a ReadProcessMemory or WriteProcessMemory request was completed. (0x12B)
[0703/172943.417:ERROR:scoped_process_suspend.cc(40)] NtResumeProcess: An attempt was made to access an exiting process. (0xc000010a)
